{"/home/therealdelay/feup/ldso/t3g2/mobile/App.js": {"path":"/home/therealdelay/feup/ldso/t3g2/mobile/App.js","statementMap":{"0":{"start":{"line":23,"column":6},"end":{"line":26,"column":9}},"1":{"start":{"line":27,"column":6},"end":{"line":27,"column":40}},"2":{"start":{"line":31,"column":6},"end":{"line":51,"column":7}},"3":{"start":{"line":32,"column":25},"end":{"line":36,"column":12}},"4":{"start":{"line":38,"column":10},"end":{"line":48,"column":11}},"5":{"start":{"line":39,"column":14},"end":{"line":43,"column":17}},"6":{"start":{"line":44,"column":14},"end":{"line":44,"column":49}},"7":{"start":{"line":45,"column":14},"end":{"line":45,"column":33}},"8":{"start":{"line":47,"column":14},"end":{"line":47,"column":39}},"9":{"start":{"line":50,"column":10},"end":{"line":50,"column":34}},"10":{"start":{"line":55,"column":17},"end":{"line":55,"column":21}},"11":{"start":{"line":56,"column":6},"end":{"line":70,"column":13}},"12":{"start":{"line":62,"column":14},"end":{"line":66,"column":15}},"13":{"start":{"line":63,"column":18},"end":{"line":63,"column":50}},"14":{"start":{"line":64,"column":18},"end":{"line":64,"column":87}},"15":{"start":{"line":65,"column":18},"end":{"line":65,"column":52}},"16":{"start":{"line":69,"column":14},"end":{"line":69,"column":68}},"17":{"start":{"line":76,"column":6},"end":{"line":82,"column":7}},"18":{"start":{"line":77,"column":10},"end":{"line":81,"column":12}},"19":{"start":{"line":84,"column":6},"end":{"line":90,"column":7}},"20":{"start":{"line":85,"column":10},"end":{"line":89,"column":12}},"21":{"start":{"line":91,"column":6},"end":{"line":113,"column":7}},"22":{"start":{"line":92,"column":10},"end":{"line":98,"column":12}},"23":{"start":{"line":100,"column":10},"end":{"line":112,"column":11}},"24":{"start":{"line":101,"column":14},"end":{"line":107,"column":16}},"25":{"start":{"line":109,"column":14},"end":{"line":111,"column":16}},"26":{"start":{"line":117,"column":6},"end":{"line":129,"column":9}},"27":{"start":{"line":135,"column":6},"end":{"line":135,"column":26}},"28":{"start":{"line":139,"column":6},"end":{"line":139,"column":49}},"29":{"start":{"line":143,"column":15},"end":{"line":148,"column":2}}},"fnMap":{"0":{"name":"(anonymous_0)","decl":{"start":{"line":22,"column":2},"end":{"line":22,"column":3}},"loc":{"start":{"line":22,"column":28},"end":{"line":28,"column":3}},"line":22},"1":{"name":"(anonymous_1)","decl":{"start":{"line":30,"column":11},"end":{"line":30,"column":12}},"loc":{"start":{"line":30,"column":22},"end":{"line":52,"column":3}},"line":30},"2":{"name":"(anonymous_2)","decl":{"start":{"line":54,"column":2},"end":{"line":54,"column":3}},"loc":{"start":{"line":54,"column":22},"end":{"line":71,"column":3}},"line":54},"3":{"name":"(anonymous_3)","decl":{"start":{"line":61,"column":16},"end":{"line":61,"column":17}},"loc":{"start":{"line":61,"column":30},"end":{"line":67,"column":11}},"line":61},"4":{"name":"(anonymous_4)","decl":{"start":{"line":68,"column":17},"end":{"line":68,"column":18}},"loc":{"start":{"line":68,"column":23},"end":{"line":70,"column":11}},"line":68},"5":{"name":"(anonymous_5)","decl":{"start":{"line":73,"column":2},"end":{"line":73,"column":3}},"loc":{"start":{"line":73,"column":11},"end":{"line":114,"column":3}},"line":73},"6":{"name":"(anonymous_6)","decl":{"start":{"line":79,"column":82},"end":{"line":79,"column":83}},"loc":{"start":{"line":79,"column":88},"end":{"line":79,"column":90}},"line":79},"7":{"name":"(anonymous_7)","decl":{"start":{"line":116,"column":24},"end":{"line":116,"column":25}},"loc":{"start":{"line":116,"column":35},"end":{"line":130,"column":3}},"line":116},"8":{"name":"(anonymous_8)","decl":{"start":{"line":132,"column":24},"end":{"line":132,"column":25}},"loc":{"start":{"line":132,"column":33},"end":{"line":136,"column":3}},"line":132},"9":{"name":"(anonymous_9)","decl":{"start":{"line":138,"column":25},"end":{"line":138,"column":26}},"loc":{"start":{"line":138,"column":31},"end":{"line":140,"column":3}},"line":138}},"branchMap":{"0":{"loc":{"start":{"line":38,"column":10},"end":{"line":48,"column":11}},"type":"if","locations":[{"start":{"line":38,"column":10},"end":{"line":48,"column":11}},{"start":{"line":38,"column":10},"end":{"line":48,"column":11}}],"line":38},"1":{"loc":{"start":{"line":62,"column":14},"end":{"line":66,"column":15}},"type":"if","locations":[{"start":{"line":62,"column":14},"end":{"line":66,"column":15}},{"start":{"line":62,"column":14},"end":{"line":66,"column":15}}],"line":62},"2":{"loc":{"start":{"line":76,"column":6},"end":{"line":82,"column":7}},"type":"if","locations":[{"start":{"line":76,"column":6},"end":{"line":82,"column":7}},{"start":{"line":76,"column":6},"end":{"line":82,"column":7}}],"line":76},"3":{"loc":{"start":{"line":84,"column":6},"end":{"line":90,"column":7}},"type":"if","locations":[{"start":{"line":84,"column":6},"end":{"line":90,"column":7}},{"start":{"line":84,"column":6},"end":{"line":90,"column":7}}],"line":84},"4":{"loc":{"start":{"line":91,"column":6},"end":{"line":113,"column":7}},"type":"if","locations":[{"start":{"line":91,"column":6},"end":{"line":113,"column":7}},{"start":{"line":91,"column":6},"end":{"line":113,"column":7}}],"line":91},"5":{"loc":{"start":{"line":91,"column":10},"end":{"line":91,"column":72}},"type":"binary-expr","locations":[{"start":{"line":91,"column":10},"end":{"line":91,"column":39}},{"start":{"line":91,"column":43},"end":{"line":91,"column":72}}],"line":91},"6":{"loc":{"start":{"line":100,"column":10},"end":{"line":112,"column":11}},"type":"if","locations":[{"start":{"line":100,"column":10},"end":{"line":112,"column":11}},{"start":{"line":100,"column":10},"end":{"line":112,"column":11}}],"line":100}},"s":{"0":4,"1":4,"2":0,"3":0,"4":0,"5":0,"6":0,"7":0,"8":0,"9":0,"10":2,"11":2,"12":1,"13":1,"14":1,"15":1,"16":1,"17":11,"18":2,"19":11,"20":5,"21":6,"22":1,"23":5,"24":1,"25":4,"26":1,"27":0,"28":1,"29":1},"f":{"0":4,"1":0,"2":2,"3":1,"4":1,"5":11,"6":0,"7":1,"8":0,"9":1},"b":{"0":[0,0],"1":[1,0],"2":[2,9],"3":[5,6],"4":[1,5],"5":[6,5],"6":[1,4]},"_coverageSchema":"332fd63041d2c1bcb487cc26dd0d5f7d97098a6c","hash":"7bb810bddb3cb27346b8a4ea70cc29430ad07bc0"}
,"/home/therealdelay/feup/ldso/t3g2/mobile/global.js": {"path":"/home/therealdelay/feup/ldso/t3g2/mobile/global.js","statementMap":{"0":{"start":{"line":1,"column":0},"end":{"line":1,"column":28}},"1":{"start":{"line":2,"column":0},"end":{"line":2,"column":21}},"2":{"start":{"line":3,"column":0},"end":{"line":3,"column":23}}},"fnMap":{},"branchMap":{},"s":{"0":8,"1":8,"2":8},"f":{},"b":{},"_coverageSchema":"332fd63041d2c1bcb487cc26dd0d5f7d97098a6c","hash":"624c8607082af70345a75baa04a876725259002b"}
,"/home/therealdelay/feup/ldso/t3g2/mobile/assets/fonts/DJB-Coffee-Shoppe-Espresso.ttf": {"path":"/home/therealdelay/feup/ldso/t3g2/mobile/assets/fonts/DJB-Coffee-Shoppe-Espresso.ttf","statementMap":{"0":{"start":{"line":1,"column":0},"end":{"line":1,"column":19}}},"fnMap":{},"branchMap":{},"s":{"0":3},"f":{},"b":{},"_coverageSchema":"332fd63041d2c1bcb487cc26dd0d5f7d97098a6c","hash":"25a7f5f8399fc367256c98b6e790ca5c844de27d"}
,"/home/therealdelay/feup/ldso/t3g2/mobile/assets/fonts/OpenSans-Regular.ttf": {"path":"/home/therealdelay/feup/ldso/t3g2/mobile/assets/fonts/OpenSans-Regular.ttf","statementMap":{"0":{"start":{"line":1,"column":0},"end":{"line":1,"column":19}}},"fnMap":{},"branchMap":{},"s":{"0":3},"f":{},"b":{},"_coverageSchema":"332fd63041d2c1bcb487cc26dd0d5f7d97098a6c","hash":"e10362fe5373be654720792ce440921a235eabfb"}
,"/home/therealdelay/feup/ldso/t3g2/mobile/assets/fonts/SpaceMono-Regular.ttf": {"path":"/home/therealdelay/feup/ldso/t3g2/mobile/assets/fonts/SpaceMono-Regular.ttf","statementMap":{"0":{"start":{"line":1,"column":0},"end":{"line":1,"column":19}}},"fnMap":{},"branchMap":{},"s":{"0":1},"f":{},"b":{},"_coverageSchema":"332fd63041d2c1bcb487cc26dd0d5f7d97098a6c","hash":"cc0acbf931b5d426581b8560710be76de58c36c6"}
,"/home/therealdelay/feup/ldso/t3g2/mobile/assets/images/default.png": {"path":"/home/therealdelay/feup/ldso/t3g2/mobile/assets/images/default.png","statementMap":{"0":{"start":{"line":1,"column":0},"end":{"line":1,"column":19}}},"fnMap":{},"branchMap":{},"s":{"0":1},"f":{},"b":{},"_coverageSchema":"332fd63041d2c1bcb487cc26dd0d5f7d97098a6c","hash":"ba22e6f278257e8b6fd8d167768008af1a93800a"}
,"/home/therealdelay/feup/ldso/t3g2/mobile/assets/images/original.png": {"path":"/home/therealdelay/feup/ldso/t3g2/mobile/assets/images/original.png","statementMap":{"0":{"start":{"line":1,"column":0},"end":{"line":1,"column":19}}},"fnMap":{},"branchMap":{},"s":{"0":5},"f":{},"b":{},"_coverageSchema":"332fd63041d2c1bcb487cc26dd0d5f7d97098a6c","hash":"07686b4477129b8d7f7d30f7e951acc18e3fa6a2"}
,"/home/therealdelay/feup/ldso/t3g2/mobile/assets/images/robot-dev.png": {"path":"/home/therealdelay/feup/ldso/t3g2/mobile/assets/images/robot-dev.png","statementMap":{"0":{"start":{"line":1,"column":0},"end":{"line":1,"column":19}}},"fnMap":{},"branchMap":{},"s":{"0":1},"f":{},"b":{},"_coverageSchema":"332fd63041d2c1bcb487cc26dd0d5f7d97098a6c","hash":"89cf7115a2c9a7f728a49d43fd937e3dd60e5161"}
,"/home/therealdelay/feup/ldso/t3g2/mobile/assets/images/robot-prod.png": {"path":"/home/therealdelay/feup/ldso/t3g2/mobile/assets/images/robot-prod.png","statementMap":{"0":{"start":{"line":1,"column":0},"end":{"line":1,"column":19}}},"fnMap":{},"branchMap":{},"s":{"0":1},"f":{},"b":{},"_coverageSchema":"332fd63041d2c1bcb487cc26dd0d5f7d97098a6c","hash":"0be96d343b98a2131a163ff96eb8fb89dbddf981"}
,"/home/therealdelay/feup/ldso/t3g2/mobile/components/Category.js": {"path":"/home/therealdelay/feup/ldso/t3g2/mobile/components/Category.js","statementMap":{"0":{"start":{"line":11,"column":8},"end":{"line":11,"column":21}},"1":{"start":{"line":16,"column":8},"end":{"line":20,"column":10}},"2":{"start":{"line":24,"column":15},"end":{"line":34,"column":2}}},"fnMap":{"0":{"name":"(anonymous_0)","decl":{"start":{"line":10,"column":4},"end":{"line":10,"column":5}},"loc":{"start":{"line":10,"column":23},"end":{"line":13,"column":5}},"line":10},"1":{"name":"(anonymous_1)","decl":{"start":{"line":15,"column":4},"end":{"line":15,"column":5}},"loc":{"start":{"line":15,"column":13},"end":{"line":21,"column":5}},"line":15}},"branchMap":{},"s":{"0":1,"1":1,"2":3},"f":{"0":1,"1":1},"b":{},"_coverageSchema":"332fd63041d2c1bcb487cc26dd0d5f7d97098a6c","hash":"0ef966b148d867e6c6489c65dbc92e78be2281b9"}
,"/home/therealdelay/feup/ldso/t3g2/mobile/components/CustomHeader.js": {"path":"/home/therealdelay/feup/ldso/t3g2/mobile/components/CustomHeader.js","statementMap":{"0":{"start":{"line":14,"column":8},"end":{"line":36,"column":10}}},"fnMap":{"0":{"name":"(anonymous_0)","decl":{"start":{"line":13,"column":4},"end":{"line":13,"column":5}},"loc":{"start":{"line":13,"column":13},"end":{"line":37,"column":5}},"line":13}},"branchMap":{},"s":{"0":3},"f":{"0":3},"b":{},"_coverageSchema":"332fd63041d2c1bcb487cc26dd0d5f7d97098a6c","hash":"4006c0516b62065eedf94bf5f96902a6a58d9b26"}
,"/home/therealdelay/feup/ldso/t3g2/mobile/components/Entity.js": {"path":"/home/therealdelay/feup/ldso/t3g2/mobile/components/Entity.js","statementMap":{"0":{"start":{"line":11,"column":8},"end":{"line":11,"column":21}},"1":{"start":{"line":16,"column":8},"end":{"line":20,"column":10}},"2":{"start":{"line":24,"column":15},"end":{"line":34,"column":2}}},"fnMap":{"0":{"name":"(anonymous_0)","decl":{"start":{"line":10,"column":4},"end":{"line":10,"column":5}},"loc":{"start":{"line":10,"column":23},"end":{"line":13,"column":5}},"line":10},"1":{"name":"(anonymous_1)","decl":{"start":{"line":15,"column":4},"end":{"line":15,"column":5}},"loc":{"start":{"line":15,"column":13},"end":{"line":21,"column":5}},"line":15}},"branchMap":{},"s":{"0":1,"1":1,"2":3},"f":{"0":1,"1":1},"b":{},"_coverageSchema":"332fd63041d2c1bcb487cc26dd0d5f7d97098a6c","hash":"cf045d41aade2d6e95eabba766309757aeb24d69"}
,"/home/therealdelay/feup/ldso/t3g2/mobile/components/Event.js": {"path":"/home/therealdelay/feup/ldso/t3g2/mobile/components/Event.js","statementMap":{"0":{"start":{"line":14,"column":8},"end":{"line":14,"column":21}},"1":{"start":{"line":16,"column":25},"end":{"line":16,"column":30}},"2":{"start":{"line":18,"column":8},"end":{"line":22,"column":9}},"3":{"start":{"line":19,"column":12},"end":{"line":19,"column":57}},"4":{"start":{"line":20,"column":15},"end":{"line":22,"column":9}},"5":{"start":{"line":21,"column":12},"end":{"line":21,"column":30}},"6":{"start":{"line":24,"column":8},"end":{"line":27,"column":10}},"7":{"start":{"line":29,"column":8},"end":{"line":29,"column":53}},"8":{"start":{"line":33,"column":8},"end":{"line":33,"column":46}},"9":{"start":{"line":37,"column":8},"end":{"line":51,"column":9}},"10":{"start":{"line":38,"column":16},"end":{"line":38,"column":29}},"11":{"start":{"line":39,"column":16},"end":{"line":39,"column":29}},"12":{"start":{"line":40,"column":16},"end":{"line":40,"column":29}},"13":{"start":{"line":41,"column":16},"end":{"line":41,"column":29}},"14":{"start":{"line":42,"column":16},"end":{"line":42,"column":29}},"15":{"start":{"line":43,"column":16},"end":{"line":43,"column":29}},"16":{"start":{"line":44,"column":16},"end":{"line":44,"column":29}},"17":{"start":{"line":45,"column":16},"end":{"line":45,"column":29}},"18":{"start":{"line":46,"column":16},"end":{"line":46,"column":29}},"19":{"start":{"line":47,"column":17},"end":{"line":47,"column":30}},"20":{"start":{"line":48,"column":17},"end":{"line":48,"column":30}},"21":{"start":{"line":49,"column":17},"end":{"line":49,"column":30}},"22":{"start":{"line":50,"column":17},"end":{"line":50,"column":32}},"23":{"start":{"line":55,"column":20},"end":{"line":55,"column":66}},"24":{"start":{"line":56,"column":19},"end":{"line":56,"column":23}},"25":{"start":{"line":57,"column":22},"end":{"line":57,"column":63}},"26":{"start":{"line":58,"column":8},"end":{"line":69,"column":15}},"27":{"start":{"line":64,"column":16},"end":{"line":65,"column":74}},"28":{"start":{"line":65,"column":20},"end":{"line":65,"column":74}},"29":{"start":{"line":68,"column":16},"end":{"line":68,"column":35}},"30":{"start":{"line":73,"column":8},"end":{"line":92,"column":10}},"31":{"start":{"line":96,"column":15},"end":{"line":102,"column":2}}},"fnMap":{"0":{"name":"(anonymous_0)","decl":{"start":{"line":13,"column":4},"end":{"line":13,"column":5}},"loc":{"start":{"line":13,"column":23},"end":{"line":30,"column":5}},"line":13},"1":{"name":"(anonymous_1)","decl":{"start":{"line":32,"column":4},"end":{"line":32,"column":5}},"loc":{"start":{"line":32,"column":24},"end":{"line":34,"column":5}},"line":32},"2":{"name":"(anonymous_2)","decl":{"start":{"line":36,"column":4},"end":{"line":36,"column":5}},"loc":{"start":{"line":36,"column":28},"end":{"line":52,"column":5}},"line":36},"3":{"name":"(anonymous_3)","decl":{"start":{"line":54,"column":4},"end":{"line":54,"column":5}},"loc":{"start":{"line":54,"column":23},"end":{"line":70,"column":5}},"line":54},"4":{"name":"(anonymous_4)","decl":{"start":{"line":63,"column":18},"end":{"line":63,"column":19}},"loc":{"start":{"line":63,"column":37},"end":{"line":66,"column":13}},"line":63},"5":{"name":"(anonymous_5)","decl":{"start":{"line":67,"column":19},"end":{"line":67,"column":20}},"loc":{"start":{"line":67,"column":35},"end":{"line":69,"column":13}},"line":67},"6":{"name":"(anonymous_6)","decl":{"start":{"line":72,"column":4},"end":{"line":72,"column":5}},"loc":{"start":{"line":72,"column":13},"end":{"line":93,"column":5}},"line":72}},"branchMap":{"0":{"loc":{"start":{"line":18,"column":8},"end":{"line":22,"column":9}},"type":"if","locations":[{"start":{"line":18,"column":8},"end":{"line":22,"column":9}},{"start":{"line":18,"column":8},"end":{"line":22,"column":9}}],"line":18},"1":{"loc":{"start":{"line":20,"column":15},"end":{"line":22,"column":9}},"type":"if","locations":[{"start":{"line":20,"column":15},"end":{"line":22,"column":9}},{"start":{"line":20,"column":15},"end":{"line":22,"column":9}}],"line":20},"2":{"loc":{"start":{"line":37,"column":8},"end":{"line":51,"column":9}},"type":"switch","locations":[{"start":{"line":38,"column":8},"end":{"line":38,"column":29}},{"start":{"line":39,"column":8},"end":{"line":39,"column":29}},{"start":{"line":40,"column":8},"end":{"line":40,"column":29}},{"start":{"line":41,"column":8},"end":{"line":41,"column":29}},{"start":{"line":42,"column":8},"end":{"line":42,"column":29}},{"start":{"line":43,"column":8},"end":{"line":43,"column":29}},{"start":{"line":44,"column":8},"end":{"line":44,"column":29}},{"start":{"line":45,"column":8},"end":{"line":45,"column":29}},{"start":{"line":46,"column":8},"end":{"line":46,"column":29}},{"start":{"line":47,"column":8},"end":{"line":47,"column":30}},{"start":{"line":48,"column":8},"end":{"line":48,"column":30}},{"start":{"line":49,"column":8},"end":{"line":49,"column":30}},{"start":{"line":50,"column":8},"end":{"line":50,"column":32}}],"line":37},"3":{"loc":{"start":{"line":64,"column":16},"end":{"line":65,"column":74}},"type":"if","locations":[{"start":{"line":64,"column":16},"end":{"line":65,"column":74}},{"start":{"line":64,"column":16},"end":{"line":65,"column":74}}],"line":64},"4":{"loc":{"start":{"line":75,"column":31},"end":{"line":75,"column":161}},"type":"cond-expr","locations":[{"start":{"line":75,"column":56},"end":{"line":75,"column":119}},{"start":{"line":75,"column":122},"end":{"line":75,"column":161}}],"line":75},"5":{"loc":{"start":{"line":89,"column":147},"end":{"line":89,"column":190}},"type":"cond-expr","locations":[{"start":{"line":89,"column":171},"end":{"line":89,"column":178}},{"start":{"line":89,"column":181},"end":{"line":89,"column":190}}],"line":89}},"s":{"0":7,"1":7,"2":7,"3":6,"4":1,"5":1,"6":7,"7":7,"8":1,"9":22,"10":1,"11":1,"12":1,"13":1,"14":1,"15":1,"16":1,"17":1,"18":1,"19":10,"20":1,"21":1,"22":1,"23":2,"24":2,"25":2,"26":2,"27":1,"28":1,"29":1,"30":9,"31":4},"f":{"0":7,"1":1,"2":22,"3":2,"4":1,"5":1,"6":9},"b":{"0":[6,1],"1":[1,0],"2":[1,1,1,1,1,1,1,1,1,10,1,1,1],"3":[1,0],"4":[8,1],"5":[6,3]},"_coverageSchema":"332fd63041d2c1bcb487cc26dd0d5f7d97098a6c","hash":"0d7481c8ab3850c23e383da31b02796a6984aa10"}
,"/home/therealdelay/feup/ldso/t3g2/mobile/components/NewCustomHeader.js": {"path":"/home/therealdelay/feup/ldso/t3g2/mobile/components/NewCustomHeader.js","statementMap":{"0":{"start":{"line":16,"column":8},"end":{"line":24,"column":9}},"1":{"start":{"line":17,"column":12},"end":{"line":19,"column":14}},"2":{"start":{"line":21,"column":12},"end":{"line":23,"column":14}},"3":{"start":{"line":26,"column":8},"end":{"line":43,"column":10}}},"fnMap":{"0":{"name":"(anonymous_0)","decl":{"start":{"line":13,"column":4},"end":{"line":13,"column":5}},"loc":{"start":{"line":13,"column":13},"end":{"line":44,"column":5}},"line":13}},"branchMap":{"0":{"loc":{"start":{"line":16,"column":8},"end":{"line":24,"column":9}},"type":"if","locations":[{"start":{"line":16,"column":8},"end":{"line":24,"column":9}},{"start":{"line":16,"column":8},"end":{"line":24,"column":9}}],"line":16}},"s":{"0":0,"1":0,"2":0,"3":0},"f":{"0":0},"b":{"0":[0,0]},"_coverageSchema":"332fd63041d2c1bcb487cc26dd0d5f7d97098a6c","hash":"dceccbc06ed1c1583b21cf50329f0f045ccd88f6"}
,"/home/therealdelay/feup/ldso/t3g2/mobile/components/StyledText.js": {"path":"/home/therealdelay/feup/ldso/t3g2/mobile/components/StyledText.js","statementMap":{"0":{"start":{"line":6,"column":8},"end":{"line":6,"column":97}}},"fnMap":{"0":{"name":"(anonymous_0)","decl":{"start":{"line":5,"column":4},"end":{"line":5,"column":5}},"loc":{"start":{"line":5,"column":13},"end":{"line":7,"column":5}},"line":5}},"branchMap":{},"s":{"0":1},"f":{"0":1},"b":{},"_coverageSchema":"332fd63041d2c1bcb487cc26dd0d5f7d97098a6c","hash":"3e2fb8ae370544f394340119e194f29697b980b5"}
,"/home/therealdelay/feup/ldso/t3g2/mobile/components/TabBarIcon.js": {"path":"/home/therealdelay/feup/ldso/t3g2/mobile/components/TabBarIcon.js","statementMap":{"0":{"start":{"line":6,"column":8},"end":{"line":13,"column":10}}},"fnMap":{"0":{"name":"(anonymous_0)","decl":{"start":{"line":5,"column":4},"end":{"line":5,"column":5}},"loc":{"start":{"line":5,"column":13},"end":{"line":14,"column":5}},"line":5}},"branchMap":{"0":{"loc":{"start":{"line":11,"column":23},"end":{"line":11,"column":65}},"type":"cond-expr","locations":[{"start":{"line":11,"column":44},"end":{"line":11,"column":53}},{"start":{"line":11,"column":56},"end":{"line":11,"column":65}}],"line":11}},"s":{"0":2},"f":{"0":2},"b":{"0":[1,1]},"_coverageSchema":"332fd63041d2c1bcb487cc26dd0d5f7d97098a6c","hash":"0230b8041755c1c6be12043e0f3c45c6b1cca175"}
,"/home/therealdelay/feup/ldso/t3g2/mobile/navigation/AppNavigator.js": {"path":"/home/therealdelay/feup/ldso/t3g2/mobile/navigation/AppNavigator.js","statementMap":{},"fnMap":{},"branchMap":{},"s":{},"f":{},"b":{},"_coverageSchema":"332fd63041d2c1bcb487cc26dd0d5f7d97098a6c","hash":"f1e5b20aa7ff3cc6cc6a2515ad0813b114062948"}
,"/home/therealdelay/feup/ldso/t3g2/mobile/navigation/MainTabNavigator.js": {"path":"/home/therealdelay/feup/ldso/t3g2/mobile/navigation/MainTabNavigator.js","statementMap":{"0":{"start":{"line":13,"column":20},"end":{"line":18,"column":2}},"1":{"start":{"line":20,"column":0},"end":{"line":32,"column":2}},"2":{"start":{"line":23,"column":8},"end":{"line":30,"column":10}},"3":{"start":{"line":34,"column":23},"end":{"line":36,"column":2}},"4":{"start":{"line":38,"column":0},"end":{"line":50,"column":2}},"5":{"start":{"line":41,"column":8},"end":{"line":48,"column":10}},"6":{"start":{"line":52,"column":20},"end":{"line":54,"column":2}},"7":{"start":{"line":56,"column":0},"end":{"line":64,"column":2}},"8":{"start":{"line":59,"column":8},"end":{"line":62,"column":10}}},"fnMap":{"0":{"name":"(anonymous_0)","decl":{"start":{"line":22,"column":16},"end":{"line":22,"column":17}},"loc":{"start":{"line":23,"column":8},"end":{"line":30,"column":10}},"line":23},"1":{"name":"(anonymous_1)","decl":{"start":{"line":40,"column":16},"end":{"line":40,"column":17}},"loc":{"start":{"line":41,"column":8},"end":{"line":48,"column":10}},"line":41},"2":{"name":"(anonymous_2)","decl":{"start":{"line":58,"column":16},"end":{"line":58,"column":17}},"loc":{"start":{"line":59,"column":8},"end":{"line":62,"column":10}},"line":59}},"branchMap":{"0":{"loc":{"start":{"line":26,"column":16},"end":{"line":28,"column":35}},"type":"cond-expr","locations":[{"start":{"line":27,"column":22},"end":{"line":27,"column":64}},{"start":{"line":28,"column":22},"end":{"line":28,"column":35}}],"line":26},"1":{"loc":{"start":{"line":27,"column":37},"end":{"line":27,"column":62}},"type":"cond-expr","locations":[{"start":{"line":27,"column":47},"end":{"line":27,"column":49}},{"start":{"line":27,"column":52},"end":{"line":27,"column":62}}],"line":27},"2":{"loc":{"start":{"line":44,"column":16},"end":{"line":46,"column":40}},"type":"cond-expr","locations":[{"start":{"line":45,"column":22},"end":{"line":45,"column":60}},{"start":{"line":46,"column":22},"end":{"line":46,"column":40}}],"line":44},"3":{"loc":{"start":{"line":45,"column":33},"end":{"line":45,"column":58}},"type":"cond-expr","locations":[{"start":{"line":45,"column":43},"end":{"line":45,"column":45}},{"start":{"line":45,"column":48},"end":{"line":45,"column":58}}],"line":45},"4":{"loc":{"start":{"line":61,"column":18},"end":{"line":61,"column":96}},"type":"cond-expr","locations":[{"start":{"line":61,"column":42},"end":{"line":61,"column":82}},{"start":{"line":61,"column":85},"end":{"line":61,"column":96}}],"line":61},"5":{"loc":{"start":{"line":61,"column":55},"end":{"line":61,"column":80}},"type":"cond-expr","locations":[{"start":{"line":61,"column":65},"end":{"line":61,"column":67}},{"start":{"line":61,"column":70},"end":{"line":61,"column":80}}],"line":61}},"s":{"0":1,"1":1,"2":0,"3":1,"4":1,"5":0,"6":1,"7":1,"8":0},"f":{"0":0,"1":0,"2":0},"b":{"0":[0,0],"1":[0,0],"2":[0,0],"3":[0,0],"4":[0,0],"5":[0,0]},"_coverageSchema":"332fd63041d2c1bcb487cc26dd0d5f7d97098a6c","hash":"c6db7875a2c159eba563af50e2fbf493a8e8e4b9"}
,"/home/therealdelay/feup/ldso/t3g2/mobile/screens/AgendaScreen.js": {"path":"/home/therealdelay/feup/ldso/t3g2/mobile/screens/AgendaScreen.js","statementMap":{"0":{"start":{"line":27,"column":8},"end":{"line":27,"column":32}},"1":{"start":{"line":31,"column":8},"end":{"line":34,"column":11}},"2":{"start":{"line":35,"column":8},"end":{"line":38,"column":11}},"3":{"start":{"line":39,"column":8},"end":{"line":39,"column":32}},"4":{"start":{"line":40,"column":8},"end":{"line":40,"column":42}},"5":{"start":{"line":44,"column":20},"end":{"line":44,"column":66}},"6":{"start":{"line":45,"column":8},"end":{"line":45,"column":37}},"7":{"start":{"line":47,"column":19},"end":{"line":47,"column":23}},"8":{"start":{"line":48,"column":22},"end":{"line":48,"column":62}},"9":{"start":{"line":49,"column":8},"end":{"line":49,"column":52}},"10":{"start":{"line":50,"column":8},"end":{"line":50,"column":42}},"11":{"start":{"line":51,"column":8},"end":{"line":53,"column":9}},"12":{"start":{"line":52,"column":12},"end":{"line":52,"column":102}},"13":{"start":{"line":54,"column":8},"end":{"line":56,"column":9}},"14":{"start":{"line":55,"column":12},"end":{"line":55,"column":106}},"15":{"start":{"line":57,"column":8},"end":{"line":65,"column":15}},"16":{"start":{"line":59,"column":31},"end":{"line":59,"column":44}},"17":{"start":{"line":60,"column":16},"end":{"line":61,"column":46}},"18":{"start":{"line":61,"column":20},"end":{"line":61,"column":46}},"19":{"start":{"line":64,"column":16},"end":{"line":64,"column":35}},"20":{"start":{"line":66,"column":8},"end":{"line":66,"column":45}},"21":{"start":{"line":70,"column":8},"end":{"line":70,"column":34}},"22":{"start":{"line":74,"column":8},"end":{"line":80,"column":9}},"23":{"start":{"line":75,"column":12},"end":{"line":79,"column":14}},"24":{"start":{"line":81,"column":29},"end":{"line":81,"column":50}},"25":{"start":{"line":83,"column":23},"end":{"line":85,"column":10}},"26":{"start":{"line":84,"column":12},"end":{"line":84,"column":98}},"27":{"start":{"line":84,"column":55},"end":{"line":84,"column":94}},"28":{"start":{"line":87,"column":8},"end":{"line":88,"column":36}},"29":{"start":{"line":88,"column":12},"end":{"line":88,"column":36}},"30":{"start":{"line":91,"column":8},"end":{"line":100,"column":9}},"31":{"start":{"line":92,"column":12},"end":{"line":99,"column":14}},"32":{"start":{"line":102,"column":8},"end":{"line":149,"column":10}},"33":{"start":{"line":111,"column":233},"end":{"line":111,"column":284}},"34":{"start":{"line":128,"column":233},"end":{"line":128,"column":282}}},"fnMap":{"0":{"name":"(anonymous_0)","decl":{"start":{"line":26,"column":4},"end":{"line":26,"column":5}},"loc":{"start":{"line":26,"column":27},"end":{"line":28,"column":5}},"line":26},"1":{"name":"(anonymous_1)","decl":{"start":{"line":30,"column":4},"end":{"line":30,"column":5}},"loc":{"start":{"line":30,"column":30},"end":{"line":41,"column":5}},"line":30},"2":{"name":"(anonymous_2)","decl":{"start":{"line":43,"column":4},"end":{"line":43,"column":5}},"loc":{"start":{"line":43,"column":29},"end":{"line":67,"column":5}},"line":43},"3":{"name":"(anonymous_3)","decl":{"start":{"line":58,"column":18},"end":{"line":58,"column":19}},"loc":{"start":{"line":58,"column":37},"end":{"line":62,"column":13}},"line":58},"4":{"name":"(anonymous_4)","decl":{"start":{"line":63,"column":19},"end":{"line":63,"column":20}},"loc":{"start":{"line":63,"column":35},"end":{"line":65,"column":13}},"line":63},"5":{"name":"(anonymous_5)","decl":{"start":{"line":69,"column":15},"end":{"line":69,"column":16}},"loc":{"start":{"line":69,"column":29},"end":{"line":71,"column":5}},"line":69},"6":{"name":"(anonymous_6)","decl":{"start":{"line":73,"column":4},"end":{"line":73,"column":5}},"loc":{"start":{"line":73,"column":13},"end":{"line":150,"column":5}},"line":73},"7":{"name":"(anonymous_7)","decl":{"start":{"line":83,"column":45},"end":{"line":83,"column":46}},"loc":{"start":{"line":84,"column":12},"end":{"line":84,"column":98}},"line":84},"8":{"name":"(anonymous_8)","decl":{"start":{"line":84,"column":49},"end":{"line":84,"column":50}},"loc":{"start":{"line":84,"column":55},"end":{"line":84,"column":94}},"line":84},"9":{"name":"(anonymous_9)","decl":{"start":{"line":111,"column":227},"end":{"line":111,"column":228}},"loc":{"start":{"line":111,"column":233},"end":{"line":111,"column":284}},"line":111},"10":{"name":"(anonymous_10)","decl":{"start":{"line":128,"column":227},"end":{"line":128,"column":228}},"loc":{"start":{"line":128,"column":233},"end":{"line":128,"column":282}},"line":128}},"branchMap":{"0":{"loc":{"start":{"line":51,"column":8},"end":{"line":53,"column":9}},"type":"if","locations":[{"start":{"line":51,"column":8},"end":{"line":53,"column":9}},{"start":{"line":51,"column":8},"end":{"line":53,"column":9}}],"line":51},"1":{"loc":{"start":{"line":54,"column":8},"end":{"line":56,"column":9}},"type":"if","locations":[{"start":{"line":54,"column":8},"end":{"line":56,"column":9}},{"start":{"line":54,"column":8},"end":{"line":56,"column":9}}],"line":54},"2":{"loc":{"start":{"line":60,"column":16},"end":{"line":61,"column":46}},"type":"if","locations":[{"start":{"line":60,"column":16},"end":{"line":61,"column":46}},{"start":{"line":60,"column":16},"end":{"line":61,"column":46}}],"line":60},"3":{"loc":{"start":{"line":74,"column":8},"end":{"line":80,"column":9}},"type":"if","locations":[{"start":{"line":74,"column":8},"end":{"line":80,"column":9}},{"start":{"line":74,"column":8},"end":{"line":80,"column":9}}],"line":74},"4":{"loc":{"start":{"line":87,"column":8},"end":{"line":88,"column":36}},"type":"if","locations":[{"start":{"line":87,"column":8},"end":{"line":88,"column":36}},{"start":{"line":87,"column":8},"end":{"line":88,"column":36}}],"line":87},"5":{"loc":{"start":{"line":91,"column":8},"end":{"line":100,"column":9}},"type":"if","locations":[{"start":{"line":91,"column":8},"end":{"line":100,"column":9}},{"start":{"line":91,"column":8},"end":{"line":100,"column":9}}],"line":91}},"s":{"0":0,"1":5,"2":1,"3":1,"4":1,"5":1,"6":1,"7":1,"8":1,"9":1,"10":1,"11":1,"12":0,"13":0,"14":0,"15":0,"16":0,"17":0,"18":0,"19":0,"20":0,"21":0,"22":6,"23":5,"24":1,"25":0,"26":0,"27":0,"28":0,"29":0,"30":0,"31":0,"32":0,"33":0,"34":0},"f":{"0":0,"1":5,"2":1,"3":0,"4":0,"5":0,"6":6,"7":0,"8":0,"9":0,"10":0},"b":{"0":[0,0],"1":[0,0],"2":[0,0],"3":[5,1],"4":[0,0],"5":[0,0]},"_coverageSchema":"332fd63041d2c1bcb487cc26dd0d5f7d97098a6c","hash":"d1e467d1f780aa20b8161543c871c73c240c5dac"}
,"/home/therealdelay/feup/ldso/t3g2/mobile/screens/CategoriesScreen.js": {"path":"/home/therealdelay/feup/ldso/t3g2/mobile/screens/CategoriesScreen.js","statementMap":{"0":{"start":{"line":20,"column":8},"end":{"line":20,"column":32}},"1":{"start":{"line":24,"column":8},"end":{"line":27,"column":11}},"2":{"start":{"line":28,"column":8},"end":{"line":28,"column":36}},"3":{"start":{"line":29,"column":8},"end":{"line":29,"column":63}},"4":{"start":{"line":33,"column":19},"end":{"line":33,"column":23}},"5":{"start":{"line":34,"column":8},"end":{"line":42,"column":15}},"6":{"start":{"line":36,"column":35},"end":{"line":36,"column":48}},"7":{"start":{"line":37,"column":16},"end":{"line":38,"column":50}},"8":{"start":{"line":38,"column":20},"end":{"line":38,"column":50}},"9":{"start":{"line":41,"column":16},"end":{"line":41,"column":35}},"10":{"start":{"line":46,"column":8},"end":{"line":52,"column":9}},"11":{"start":{"line":47,"column":12},"end":{"line":51,"column":14}},"12":{"start":{"line":53,"column":29},"end":{"line":53,"column":50}},"13":{"start":{"line":55,"column":27},"end":{"line":57,"column":10}},"14":{"start":{"line":56,"column":12},"end":{"line":56,"column":226}},"15":{"start":{"line":56,"column":63},"end":{"line":56,"column":152}},"16":{"start":{"line":56,"column":153},"end":{"line":56,"column":219}},"17":{"start":{"line":59,"column":8},"end":{"line":71,"column":10}},"18":{"start":{"line":64,"column":75},"end":{"line":64,"column":157}},"19":{"start":{"line":64,"column":158},"end":{"line":64,"column":224}},"20":{"start":{"line":65,"column":65},"end":{"line":65,"column":147}},"21":{"start":{"line":65,"column":148},"end":{"line":65,"column":214}},"22":{"start":{"line":75,"column":15},"end":{"line":96,"column":2}}},"fnMap":{"0":{"name":"(anonymous_0)","decl":{"start":{"line":19,"column":4},"end":{"line":19,"column":5}},"loc":{"start":{"line":19,"column":27},"end":{"line":21,"column":5}},"line":19},"1":{"name":"(anonymous_1)","decl":{"start":{"line":23,"column":4},"end":{"line":23,"column":5}},"loc":{"start":{"line":23,"column":30},"end":{"line":30,"column":5}},"line":23},"2":{"name":"(anonymous_2)","decl":{"start":{"line":32,"column":4},"end":{"line":32,"column":5}},"loc":{"start":{"line":32,"column":27},"end":{"line":43,"column":5}},"line":32},"3":{"name":"(anonymous_3)","decl":{"start":{"line":35,"column":18},"end":{"line":35,"column":19}},"loc":{"start":{"line":35,"column":37},"end":{"line":39,"column":13}},"line":35},"4":{"name":"(anonymous_4)","decl":{"start":{"line":40,"column":19},"end":{"line":40,"column":20}},"loc":{"start":{"line":40,"column":35},"end":{"line":42,"column":13}},"line":40},"5":{"name":"(anonymous_5)","decl":{"start":{"line":45,"column":4},"end":{"line":45,"column":5}},"loc":{"start":{"line":45,"column":13},"end":{"line":72,"column":5}},"line":45},"6":{"name":"(anonymous_6)","decl":{"start":{"line":55,"column":53},"end":{"line":55,"column":54}},"loc":{"start":{"line":56,"column":12},"end":{"line":56,"column":226}},"line":56},"7":{"name":"(anonymous_7)","decl":{"start":{"line":56,"column":55},"end":{"line":56,"column":56}},"loc":{"start":{"line":56,"column":61},"end":{"line":56,"column":221}},"line":56},"8":{"name":"(anonymous_8)","decl":{"start":{"line":64,"column":67},"end":{"line":64,"column":68}},"loc":{"start":{"line":64,"column":73},"end":{"line":64,"column":226}},"line":64},"9":{"name":"(anonymous_9)","decl":{"start":{"line":65,"column":57},"end":{"line":65,"column":58}},"loc":{"start":{"line":65,"column":63},"end":{"line":65,"column":216}},"line":65}},"branchMap":{"0":{"loc":{"start":{"line":29,"column":8},"end":{"line":29,"column":62}},"type":"binary-expr","locations":[{"start":{"line":29,"column":8},"end":{"line":29,"column":25}},{"start":{"line":29,"column":29},"end":{"line":29,"column":62}}],"line":29},"1":{"loc":{"start":{"line":37,"column":16},"end":{"line":38,"column":50}},"type":"if","locations":[{"start":{"line":37,"column":16},"end":{"line":38,"column":50}},{"start":{"line":37,"column":16},"end":{"line":38,"column":50}}],"line":37},"2":{"loc":{"start":{"line":46,"column":8},"end":{"line":52,"column":9}},"type":"if","locations":[{"start":{"line":46,"column":8},"end":{"line":52,"column":9}},{"start":{"line":46,"column":8},"end":{"line":52,"column":9}}],"line":46}},"s":{"0":1,"1":1,"2":1,"3":1,"4":1,"5":1,"6":0,"7":0,"8":0,"9":0,"10":2,"11":1,"12":1,"13":0,"14":0,"15":0,"16":0,"17":0,"18":0,"19":0,"20":0,"21":0,"22":2},"f":{"0":1,"1":1,"2":1,"3":0,"4":0,"5":2,"6":0,"7":0,"8":0,"9":0},"b":{"0":[1,1],"1":[0,0],"2":[1,1]},"_coverageSchema":"332fd63041d2c1bcb487cc26dd0d5f7d97098a6c","hash":"3c728f52d00354f6c6d960abfd3fbfd4480233a5"}
,"/home/therealdelay/feup/ldso/t3g2/mobile/screens/EntitiesScreen.js": {"path":"/home/therealdelay/feup/ldso/t3g2/mobile/screens/EntitiesScreen.js","statementMap":{"0":{"start":{"line":20,"column":8},"end":{"line":20,"column":32}},"1":{"start":{"line":24,"column":8},"end":{"line":27,"column":11}},"2":{"start":{"line":28,"column":8},"end":{"line":28,"column":34}},"3":{"start":{"line":29,"column":8},"end":{"line":29,"column":63}},"4":{"start":{"line":34,"column":19},"end":{"line":34,"column":23}},"5":{"start":{"line":35,"column":8},"end":{"line":42,"column":15}},"6":{"start":{"line":37,"column":33},"end":{"line":37,"column":46}},"7":{"start":{"line":38,"column":16},"end":{"line":38,"column":44}},"8":{"start":{"line":41,"column":16},"end":{"line":41,"column":35}},"9":{"start":{"line":46,"column":8},"end":{"line":52,"column":9}},"10":{"start":{"line":47,"column":12},"end":{"line":51,"column":14}},"11":{"start":{"line":53,"column":29},"end":{"line":53,"column":50}},"12":{"start":{"line":55,"column":25},"end":{"line":57,"column":10}},"13":{"start":{"line":56,"column":12},"end":{"line":56,"column":217}},"14":{"start":{"line":56,"column":59},"end":{"line":56,"column":144}},"15":{"start":{"line":56,"column":145},"end":{"line":56,"column":211}},"16":{"start":{"line":59,"column":8},"end":{"line":71,"column":10}},"17":{"start":{"line":64,"column":75},"end":{"line":64,"column":152}},"18":{"start":{"line":64,"column":153},"end":{"line":64,"column":219}},"19":{"start":{"line":65,"column":65},"end":{"line":65,"column":142}},"20":{"start":{"line":65,"column":143},"end":{"line":65,"column":209}},"21":{"start":{"line":75,"column":15},"end":{"line":96,"column":2}}},"fnMap":{"0":{"name":"(anonymous_0)","decl":{"start":{"line":19,"column":4},"end":{"line":19,"column":5}},"loc":{"start":{"line":19,"column":27},"end":{"line":21,"column":5}},"line":19},"1":{"name":"(anonymous_1)","decl":{"start":{"line":23,"column":4},"end":{"line":23,"column":5}},"loc":{"start":{"line":23,"column":30},"end":{"line":30,"column":5}},"line":23},"2":{"name":"(anonymous_2)","decl":{"start":{"line":33,"column":4},"end":{"line":33,"column":5}},"loc":{"start":{"line":33,"column":25},"end":{"line":43,"column":5}},"line":33},"3":{"name":"(anonymous_3)","decl":{"start":{"line":36,"column":18},"end":{"line":36,"column":19}},"loc":{"start":{"line":36,"column":37},"end":{"line":39,"column":13}},"line":36},"4":{"name":"(anonymous_4)","decl":{"start":{"line":40,"column":19},"end":{"line":40,"column":20}},"loc":{"start":{"line":40,"column":35},"end":{"line":42,"column":13}},"line":40},"5":{"name":"(anonymous_5)","decl":{"start":{"line":45,"column":4},"end":{"line":45,"column":5}},"loc":{"start":{"line":45,"column":13},"end":{"line":72,"column":5}},"line":45},"6":{"name":"(anonymous_6)","decl":{"start":{"line":55,"column":49},"end":{"line":55,"column":50}},"loc":{"start":{"line":56,"column":12},"end":{"line":56,"column":217}},"line":56},"7":{"name":"(anonymous_7)","decl":{"start":{"line":56,"column":51},"end":{"line":56,"column":52}},"loc":{"start":{"line":56,"column":57},"end":{"line":56,"column":213}},"line":56},"8":{"name":"(anonymous_8)","decl":{"start":{"line":64,"column":67},"end":{"line":64,"column":68}},"loc":{"start":{"line":64,"column":73},"end":{"line":64,"column":221}},"line":64},"9":{"name":"(anonymous_9)","decl":{"start":{"line":65,"column":57},"end":{"line":65,"column":58}},"loc":{"start":{"line":65,"column":63},"end":{"line":65,"column":211}},"line":65}},"branchMap":{"0":{"loc":{"start":{"line":29,"column":8},"end":{"line":29,"column":62}},"type":"binary-expr","locations":[{"start":{"line":29,"column":8},"end":{"line":29,"column":25}},{"start":{"line":29,"column":29},"end":{"line":29,"column":62}}],"line":29},"1":{"loc":{"start":{"line":46,"column":8},"end":{"line":52,"column":9}},"type":"if","locations":[{"start":{"line":46,"column":8},"end":{"line":52,"column":9}},{"start":{"line":46,"column":8},"end":{"line":52,"column":9}}],"line":46}},"s":{"0":1,"1":1,"2":1,"3":1,"4":1,"5":1,"6":0,"7":0,"8":0,"9":2,"10":1,"11":1,"12":0,"13":0,"14":0,"15":0,"16":0,"17":0,"18":0,"19":0,"20":0,"21":2},"f":{"0":1,"1":1,"2":1,"3":0,"4":0,"5":2,"6":0,"7":0,"8":0,"9":0},"b":{"0":[1,1],"1":[1,1]},"_coverageSchema":"332fd63041d2c1bcb487cc26dd0d5f7d97098a6c","hash":"68a6f5a7711e9921d472a7d5f833c4006351e3aa"}
,"/home/therealdelay/feup/ldso/t3g2/mobile/screens/EventScreen.js": {"path":"/home/therealdelay/feup/ldso/t3g2/mobile/screens/EventScreen.js","statementMap":{"0":{"start":{"line":14,"column":8},"end":{"line":14,"column":21}},"1":{"start":{"line":16,"column":8},"end":{"line":19,"column":10}},"2":{"start":{"line":23,"column":8},"end":{"line":23,"column":46}},"3":{"start":{"line":31,"column":8},"end":{"line":31,"column":32}},"4":{"start":{"line":35,"column":8},"end":{"line":40,"column":11}},"5":{"start":{"line":41,"column":8},"end":{"line":41,"column":73}},"6":{"start":{"line":42,"column":8},"end":{"line":42,"column":42}},"7":{"start":{"line":46,"column":24},"end":{"line":46,"column":40}},"8":{"start":{"line":47,"column":22},"end":{"line":47,"column":36}},"9":{"start":{"line":48,"column":23},"end":{"line":48,"column":60}},"10":{"start":{"line":49,"column":25},"end":{"line":49,"column":62}},"11":{"start":{"line":50,"column":24},"end":{"line":50,"column":61}},"12":{"start":{"line":51,"column":19},"end":{"line":51,"column":64}},"13":{"start":{"line":53,"column":8},"end":{"line":58,"column":9}},"14":{"start":{"line":54,"column":25},"end":{"line":54,"column":60}},"15":{"start":{"line":55,"column":27},"end":{"line":55,"column":62}},"16":{"start":{"line":56,"column":26},"end":{"line":56,"column":61}},"17":{"start":{"line":57,"column":12},"end":{"line":57,"column":70}},"18":{"start":{"line":60,"column":8},"end":{"line":60,"column":20}},"19":{"start":{"line":64,"column":8},"end":{"line":70,"column":9}},"20":{"start":{"line":65,"column":12},"end":{"line":69,"column":14}},"21":{"start":{"line":72,"column":8},"end":{"line":123,"column":10}},"22":{"start":{"line":127,"column":15},"end":{"line":156,"column":2}}},"fnMap":{"0":{"name":"(anonymous_0)","decl":{"start":{"line":13,"column":4},"end":{"line":13,"column":5}},"loc":{"start":{"line":13,"column":23},"end":{"line":20,"column":5}},"line":13},"1":{"name":"(anonymous_1)","decl":{"start":{"line":22,"column":4},"end":{"line":22,"column":5}},"loc":{"start":{"line":22,"column":24},"end":{"line":24,"column":5}},"line":22},"2":{"name":"(anonymous_2)","decl":{"start":{"line":30,"column":4},"end":{"line":30,"column":5}},"loc":{"start":{"line":30,"column":27},"end":{"line":32,"column":5}},"line":30},"3":{"name":"(anonymous_3)","decl":{"start":{"line":34,"column":4},"end":{"line":34,"column":5}},"loc":{"start":{"line":34,"column":30},"end":{"line":43,"column":5}},"line":34},"4":{"name":"(anonymous_4)","decl":{"start":{"line":45,"column":4},"end":{"line":45,"column":5}},"loc":{"start":{"line":45,"column":24},"end":{"line":61,"column":5}},"line":45},"5":{"name":"(anonymous_5)","decl":{"start":{"line":63,"column":4},"end":{"line":63,"column":5}},"loc":{"start":{"line":63,"column":13},"end":{"line":124,"column":5}},"line":63}},"branchMap":{"0":{"loc":{"start":{"line":53,"column":8},"end":{"line":58,"column":9}},"type":"if","locations":[{"start":{"line":53,"column":8},"end":{"line":58,"column":9}},{"start":{"line":53,"column":8},"end":{"line":58,"column":9}}],"line":53},"1":{"loc":{"start":{"line":64,"column":8},"end":{"line":70,"column":9}},"type":"if","locations":[{"start":{"line":64,"column":8},"end":{"line":70,"column":9}},{"start":{"line":64,"column":8},"end":{"line":70,"column":9}}],"line":64},"2":{"loc":{"start":{"line":78,"column":39},"end":{"line":78,"column":164}},"type":"cond-expr","locations":[{"start":{"line":78,"column":64},"end":{"line":78,"column":122}},{"start":{"line":78,"column":125},"end":{"line":78,"column":164}}],"line":78}},"s":{"0":6,"1":6,"2":1,"3":1,"4":6,"5":2,"6":0,"7":2,"8":2,"9":2,"10":2,"11":2,"12":2,"13":2,"14":1,"15":1,"16":1,"17":1,"18":2,"19":7,"20":7,"21":0,"22":2},"f":{"0":6,"1":1,"2":1,"3":6,"4":2,"5":7},"b":{"0":[1,1],"1":[7,0],"2":[0,0]},"_coverageSchema":"332fd63041d2c1bcb487cc26dd0d5f7d97098a6c","hash":"5335389adb78830b29d82d8f49498160b5b0f1e8"}
,"/home/therealdelay/feup/ldso/t3g2/mobile/screens/FavoritesScreen.js": {"path":"/home/therealdelay/feup/ldso/t3g2/mobile/screens/FavoritesScreen.js","statementMap":{"0":{"start":{"line":15,"column":8},"end":{"line":22,"column":10}}},"fnMap":{"0":{"name":"(anonymous_0)","decl":{"start":{"line":14,"column":4},"end":{"line":14,"column":5}},"loc":{"start":{"line":14,"column":13},"end":{"line":23,"column":5}},"line":14}},"branchMap":{},"s":{"0":1},"f":{"0":1},"b":{},"_coverageSchema":"332fd63041d2c1bcb487cc26dd0d5f7d97098a6c","hash":"ead120903fbc85d309666048380b6afcd25ef5dc"}
,"/home/therealdelay/feup/ldso/t3g2/mobile/screens/LogInScreen.js": {"path":"/home/therealdelay/feup/ldso/t3g2/mobile/screens/LogInScreen.js","statementMap":{"0":{"start":{"line":9,"column":8},"end":{"line":9,"column":21}},"1":{"start":{"line":10,"column":8},"end":{"line":10,"column":70}},"2":{"start":{"line":18,"column":8},"end":{"line":18,"column":32}},"3":{"start":{"line":22,"column":8},"end":{"line":25,"column":11}},"4":{"start":{"line":26,"column":8},"end":{"line":26,"column":42}},"5":{"start":{"line":30,"column":8},"end":{"line":36,"column":9}},"6":{"start":{"line":31,"column":12},"end":{"line":35,"column":14}},"7":{"start":{"line":38,"column":8},"end":{"line":81,"column":10}},"8":{"start":{"line":75,"column":81},"end":{"line":75,"column":100}}},"fnMap":{"0":{"name":"(anonymous_0)","decl":{"start":{"line":8,"column":4},"end":{"line":8,"column":5}},"loc":{"start":{"line":8,"column":23},"end":{"line":11,"column":5}},"line":8},"1":{"name":"(anonymous_1)","decl":{"start":{"line":17,"column":4},"end":{"line":17,"column":5}},"loc":{"start":{"line":17,"column":27},"end":{"line":19,"column":5}},"line":17},"2":{"name":"(anonymous_2)","decl":{"start":{"line":21,"column":4},"end":{"line":21,"column":5}},"loc":{"start":{"line":21,"column":30},"end":{"line":27,"column":5}},"line":21},"3":{"name":"(anonymous_3)","decl":{"start":{"line":29,"column":4},"end":{"line":29,"column":5}},"loc":{"start":{"line":29,"column":13},"end":{"line":82,"column":5}},"line":29},"4":{"name":"(anonymous_4)","decl":{"start":{"line":75,"column":75},"end":{"line":75,"column":76}},"loc":{"start":{"line":75,"column":81},"end":{"line":75,"column":100}},"line":75}},"branchMap":{"0":{"loc":{"start":{"line":30,"column":8},"end":{"line":36,"column":9}},"type":"if","locations":[{"start":{"line":30,"column":8},"end":{"line":36,"column":9}},{"start":{"line":30,"column":8},"end":{"line":36,"column":9}}],"line":30}},"s":{"0":6,"1":6,"2":1,"3":6,"4":4,"5":11,"6":1,"7":10,"8":0},"f":{"0":6,"1":1,"2":6,"3":11,"4":0},"b":{"0":[1,10]},"_coverageSchema":"332fd63041d2c1bcb487cc26dd0d5f7d97098a6c","hash":"fafe19664c3df1f5359e5565c2eb55eeedf49656"}
,"/home/therealdelay/feup/ldso/t3g2/mobile/screens/SearchScreen.js": {"path":"/home/therealdelay/feup/ldso/t3g2/mobile/screens/SearchScreen.js","statementMap":{"0":{"start":{"line":13,"column":8},"end":{"line":13,"column":21}},"1":{"start":{"line":15,"column":8},"end":{"line":20,"column":10}},"2":{"start":{"line":30,"column":8},"end":{"line":33,"column":11}},"3":{"start":{"line":34,"column":8},"end":{"line":37,"column":11}},"4":{"start":{"line":38,"column":20},"end":{"line":38,"column":66}},"5":{"start":{"line":39,"column":8},"end":{"line":39,"column":24}},"6":{"start":{"line":40,"column":8},"end":{"line":40,"column":56}},"7":{"start":{"line":44,"column":19},"end":{"line":44,"column":23}},"8":{"start":{"line":45,"column":8},"end":{"line":48,"column":9}},"9":{"start":{"line":46,"column":12},"end":{"line":46,"column":42}},"10":{"start":{"line":47,"column":12},"end":{"line":47,"column":19}},"11":{"start":{"line":51,"column":22},"end":{"line":51,"column":98}},"12":{"start":{"line":52,"column":8},"end":{"line":52,"column":53}},"13":{"start":{"line":53,"column":8},"end":{"line":53,"column":47}},"14":{"start":{"line":55,"column":8},"end":{"line":62,"column":15}},"15":{"start":{"line":57,"column":31},"end":{"line":57,"column":44}},"16":{"start":{"line":58,"column":16},"end":{"line":58,"column":42}},"17":{"start":{"line":61,"column":16},"end":{"line":61,"column":35}},"18":{"start":{"line":66,"column":8},"end":{"line":72,"column":9}},"19":{"start":{"line":67,"column":12},"end":{"line":71,"column":14}},"20":{"start":{"line":74,"column":23},"end":{"line":76,"column":10}},"21":{"start":{"line":75,"column":12},"end":{"line":75,"column":42}},"22":{"start":{"line":79,"column":8},"end":{"line":89,"column":9}},"23":{"start":{"line":80,"column":12},"end":{"line":80,"column":30}},"24":{"start":{"line":81,"column":12},"end":{"line":88,"column":14}},"25":{"start":{"line":91,"column":8},"end":{"line":121,"column":10}},"26":{"start":{"line":104,"column":255},"end":{"line":104,"column":285}},"27":{"start":{"line":104,"column":286},"end":{"line":104,"column":302}}},"fnMap":{"0":{"name":"(anonymous_0)","decl":{"start":{"line":12,"column":4},"end":{"line":12,"column":5}},"loc":{"start":{"line":12,"column":23},"end":{"line":22,"column":5}},"line":12},"1":{"name":"(anonymous_1)","decl":{"start":{"line":29,"column":4},"end":{"line":29,"column":5}},"loc":{"start":{"line":29,"column":30},"end":{"line":41,"column":5}},"line":29},"2":{"name":"(anonymous_2)","decl":{"start":{"line":43,"column":4},"end":{"line":43,"column":5}},"loc":{"start":{"line":43,"column":15},"end":{"line":63,"column":5}},"line":43},"3":{"name":"(anonymous_3)","decl":{"start":{"line":56,"column":18},"end":{"line":56,"column":19}},"loc":{"start":{"line":56,"column":37},"end":{"line":59,"column":13}},"line":56},"4":{"name":"(anonymous_4)","decl":{"start":{"line":60,"column":19},"end":{"line":60,"column":20}},"loc":{"start":{"line":60,"column":35},"end":{"line":62,"column":13}},"line":60},"5":{"name":"(anonymous_5)","decl":{"start":{"line":65,"column":4},"end":{"line":65,"column":5}},"loc":{"start":{"line":65,"column":13},"end":{"line":122,"column":5}},"line":65},"6":{"name":"(anonymous_6)","decl":{"start":{"line":74,"column":45},"end":{"line":74,"column":46}},"loc":{"start":{"line":75,"column":12},"end":{"line":75,"column":42}},"line":75},"7":{"name":"(anonymous_7)","decl":{"start":{"line":104,"column":237},"end":{"line":104,"column":238}},"loc":{"start":{"line":104,"column":253},"end":{"line":104,"column":304}},"line":104}},"branchMap":{"0":{"loc":{"start":{"line":45,"column":8},"end":{"line":48,"column":9}},"type":"if","locations":[{"start":{"line":45,"column":8},"end":{"line":48,"column":9}},{"start":{"line":45,"column":8},"end":{"line":48,"column":9}}],"line":45},"1":{"loc":{"start":{"line":45,"column":12},"end":{"line":45,"column":72}},"type":"binary-expr","locations":[{"start":{"line":45,"column":12},"end":{"line":45,"column":39}},{"start":{"line":45,"column":43},"end":{"line":45,"column":72}}],"line":45},"2":{"loc":{"start":{"line":66,"column":8},"end":{"line":72,"column":9}},"type":"if","locations":[{"start":{"line":66,"column":8},"end":{"line":72,"column":9}},{"start":{"line":66,"column":8},"end":{"line":72,"column":9}}],"line":66},"3":{"loc":{"start":{"line":79,"column":8},"end":{"line":89,"column":9}},"type":"if","locations":[{"start":{"line":79,"column":8},"end":{"line":89,"column":9}},{"start":{"line":79,"column":8},"end":{"line":89,"column":9}}],"line":79},"4":{"loc":{"start":{"line":79,"column":12},"end":{"line":79,"column":105}},"type":"binary-expr","locations":[{"start":{"line":79,"column":12},"end":{"line":79,"column":41}},{"start":{"line":79,"column":45},"end":{"line":79,"column":72}},{"start":{"line":79,"column":76},"end":{"line":79,"column":105}}],"line":79}},"s":{"0":1,"1":1,"2":1,"3":1,"4":1,"5":1,"6":1,"7":1,"8":1,"9":1,"10":1,"11":0,"12":0,"13":0,"14":0,"15":0,"16":0,"17":0,"18":3,"19":2,"20":1,"21":0,"22":1,"23":1,"24":1,"25":1,"26":0,"27":0},"f":{"0":1,"1":1,"2":1,"3":0,"4":0,"5":3,"6":0,"7":0},"b":{"0":[1,0],"1":[1,0],"2":[2,1],"3":[1,0],"4":[1,0,0]},"_coverageSchema":"332fd63041d2c1bcb487cc26dd0d5f7d97098a6c","hash":"e532b3d77556502a86ab4244bc40a2df97ac208d"}
}
