{"/home/margarida/Documents/4_ano/LDSO/t3g2/mobile/App.js": {"path":"/home/margarida/Documents/4_ano/LDSO/t3g2/mobile/App.js","statementMap":{"0":{"start":{"line":25,"column":6},"end":{"line":28,"column":9}},"1":{"start":{"line":29,"column":6},"end":{"line":29,"column":40}},"2":{"start":{"line":33,"column":6},"end":{"line":53,"column":7}},"3":{"start":{"line":34,"column":25},"end":{"line":38,"column":12}},"4":{"start":{"line":40,"column":10},"end":{"line":50,"column":11}},"5":{"start":{"line":41,"column":14},"end":{"line":46,"column":17}},"6":{"start":{"line":47,"column":14},"end":{"line":47,"column":33}},"7":{"start":{"line":49,"column":14},"end":{"line":49,"column":39}},"8":{"start":{"line":52,"column":10},"end":{"line":52,"column":34}},"9":{"start":{"line":57,"column":17},"end":{"line":57,"column":21}},"10":{"start":{"line":58,"column":6},"end":{"line":72,"column":13}},"11":{"start":{"line":64,"column":14},"end":{"line":68,"column":15}},"12":{"start":{"line":65,"column":18},"end":{"line":65,"column":50}},"13":{"start":{"line":66,"column":18},"end":{"line":66,"column":87}},"14":{"start":{"line":67,"column":18},"end":{"line":67,"column":52}},"15":{"start":{"line":71,"column":14},"end":{"line":71,"column":68}},"16":{"start":{"line":78,"column":6},"end":{"line":84,"column":7}},"17":{"start":{"line":79,"column":10},"end":{"line":83,"column":12}},"18":{"start":{"line":86,"column":6},"end":{"line":92,"column":7}},"19":{"start":{"line":87,"column":10},"end":{"line":91,"column":12}},"20":{"start":{"line":93,"column":6},"end":{"line":115,"column":7}},"21":{"start":{"line":94,"column":10},"end":{"line":100,"column":12}},"22":{"start":{"line":102,"column":10},"end":{"line":114,"column":11}},"23":{"start":{"line":103,"column":14},"end":{"line":109,"column":16}},"24":{"start":{"line":111,"column":14},"end":{"line":113,"column":16}},"25":{"start":{"line":119,"column":6},"end":{"line":131,"column":9}},"26":{"start":{"line":137,"column":6},"end":{"line":137,"column":26}},"27":{"start":{"line":141,"column":6},"end":{"line":141,"column":49}},"28":{"start":{"line":145,"column":15},"end":{"line":150,"column":2}}},"fnMap":{"0":{"name":"(anonymous_0)","decl":{"start":{"line":24,"column":2},"end":{"line":24,"column":3}},"loc":{"start":{"line":24,"column":28},"end":{"line":30,"column":3}},"line":24},"1":{"name":"(anonymous_1)","decl":{"start":{"line":32,"column":11},"end":{"line":32,"column":12}},"loc":{"start":{"line":32,"column":22},"end":{"line":54,"column":3}},"line":32},"2":{"name":"(anonymous_2)","decl":{"start":{"line":56,"column":2},"end":{"line":56,"column":3}},"loc":{"start":{"line":56,"column":22},"end":{"line":73,"column":3}},"line":56},"3":{"name":"(anonymous_3)","decl":{"start":{"line":63,"column":16},"end":{"line":63,"column":17}},"loc":{"start":{"line":63,"column":30},"end":{"line":69,"column":11}},"line":63},"4":{"name":"(anonymous_4)","decl":{"start":{"line":70,"column":17},"end":{"line":70,"column":18}},"loc":{"start":{"line":70,"column":23},"end":{"line":72,"column":11}},"line":70},"5":{"name":"(anonymous_5)","decl":{"start":{"line":75,"column":2},"end":{"line":75,"column":3}},"loc":{"start":{"line":75,"column":11},"end":{"line":116,"column":3}},"line":75},"6":{"name":"(anonymous_6)","decl":{"start":{"line":81,"column":82},"end":{"line":81,"column":83}},"loc":{"start":{"line":81,"column":88},"end":{"line":81,"column":90}},"line":81},"7":{"name":"(anonymous_7)","decl":{"start":{"line":118,"column":24},"end":{"line":118,"column":25}},"loc":{"start":{"line":118,"column":35},"end":{"line":132,"column":3}},"line":118},"8":{"name":"(anonymous_8)","decl":{"start":{"line":134,"column":24},"end":{"line":134,"column":25}},"loc":{"start":{"line":134,"column":33},"end":{"line":138,"column":3}},"line":134},"9":{"name":"(anonymous_9)","decl":{"start":{"line":140,"column":25},"end":{"line":140,"column":26}},"loc":{"start":{"line":140,"column":31},"end":{"line":142,"column":3}},"line":140}},"branchMap":{"0":{"loc":{"start":{"line":40,"column":10},"end":{"line":50,"column":11}},"type":"if","locations":[{"start":{"line":40,"column":10},"end":{"line":50,"column":11}},{"start":{"line":40,"column":10},"end":{"line":50,"column":11}}],"line":40},"1":{"loc":{"start":{"line":64,"column":14},"end":{"line":68,"column":15}},"type":"if","locations":[{"start":{"line":64,"column":14},"end":{"line":68,"column":15}},{"start":{"line":64,"column":14},"end":{"line":68,"column":15}}],"line":64},"2":{"loc":{"start":{"line":78,"column":6},"end":{"line":84,"column":7}},"type":"if","locations":[{"start":{"line":78,"column":6},"end":{"line":84,"column":7}},{"start":{"line":78,"column":6},"end":{"line":84,"column":7}}],"line":78},"3":{"loc":{"start":{"line":86,"column":6},"end":{"line":92,"column":7}},"type":"if","locations":[{"start":{"line":86,"column":6},"end":{"line":92,"column":7}},{"start":{"line":86,"column":6},"end":{"line":92,"column":7}}],"line":86},"4":{"loc":{"start":{"line":93,"column":6},"end":{"line":115,"column":7}},"type":"if","locations":[{"start":{"line":93,"column":6},"end":{"line":115,"column":7}},{"start":{"line":93,"column":6},"end":{"line":115,"column":7}}],"line":93},"5":{"loc":{"start":{"line":93,"column":10},"end":{"line":93,"column":72}},"type":"binary-expr","locations":[{"start":{"line":93,"column":10},"end":{"line":93,"column":39}},{"start":{"line":93,"column":43},"end":{"line":93,"column":72}}],"line":93},"6":{"loc":{"start":{"line":102,"column":10},"end":{"line":114,"column":11}},"type":"if","locations":[{"start":{"line":102,"column":10},"end":{"line":114,"column":11}},{"start":{"line":102,"column":10},"end":{"line":114,"column":11}}],"line":102}},"s":{"0":4,"1":4,"2":0,"3":0,"4":0,"5":0,"6":0,"7":0,"8":0,"9":2,"10":2,"11":1,"12":1,"13":1,"14":1,"15":1,"16":11,"17":2,"18":11,"19":5,"20":6,"21":1,"22":5,"23":1,"24":4,"25":1,"26":0,"27":1,"28":1},"f":{"0":4,"1":0,"2":2,"3":1,"4":1,"5":11,"6":0,"7":1,"8":0,"9":1},"b":{"0":[0,0],"1":[1,0],"2":[2,9],"3":[5,6],"4":[1,5],"5":[6,5],"6":[1,4]},"_coverageSchema":"332fd63041d2c1bcb487cc26dd0d5f7d97098a6c","hash":"f92c5acb2dc7d30db38f5fb2c2ee92a13bed40b5"}
,"/home/margarida/Documents/4_ano/LDSO/t3g2/mobile/global.js": {"path":"/home/margarida/Documents/4_ano/LDSO/t3g2/mobile/global.js","statementMap":{"0":{"start":{"line":1,"column":0},"end":{"line":1,"column":29}},"1":{"start":{"line":2,"column":0},"end":{"line":2,"column":21}}},"fnMap":{},"branchMap":{},"s":{"0":1,"1":1},"f":{},"b":{},"_coverageSchema":"332fd63041d2c1bcb487cc26dd0d5f7d97098a6c","hash":"6f19028192d813f8c45fb8d9a1509184828c58c3"}
,"/home/margarida/Documents/4_ano/LDSO/t3g2/mobile/assets/fonts/DJB-Coffee-Shoppe-Espresso.ttf": {"path":"/home/margarida/Documents/4_ano/LDSO/t3g2/mobile/assets/fonts/DJB-Coffee-Shoppe-Espresso.ttf","statementMap":{"0":{"start":{"line":1,"column":0},"end":{"line":1,"column":19}}},"fnMap":{},"branchMap":{},"s":{"0":3},"f":{},"b":{},"_coverageSchema":"332fd63041d2c1bcb487cc26dd0d5f7d97098a6c","hash":"40591039396b9bfb6700e0a751d2a7c8ae7bb625"}
,"/home/margarida/Documents/4_ano/LDSO/t3g2/mobile/assets/fonts/OpenSans-Regular.ttf": {"path":"/home/margarida/Documents/4_ano/LDSO/t3g2/mobile/assets/fonts/OpenSans-Regular.ttf","statementMap":{"0":{"start":{"line":1,"column":0},"end":{"line":1,"column":19}}},"fnMap":{},"branchMap":{},"s":{"0":3},"f":{},"b":{},"_coverageSchema":"332fd63041d2c1bcb487cc26dd0d5f7d97098a6c","hash":"304098633b77076471449fa1d13e08df3ff71475"}
,"/home/margarida/Documents/4_ano/LDSO/t3g2/mobile/assets/fonts/SpaceMono-Regular.ttf": {"path":"/home/margarida/Documents/4_ano/LDSO/t3g2/mobile/assets/fonts/SpaceMono-Regular.ttf","statementMap":{"0":{"start":{"line":1,"column":0},"end":{"line":1,"column":19}}},"fnMap":{},"branchMap":{},"s":{"0":1},"f":{},"b":{},"_coverageSchema":"332fd63041d2c1bcb487cc26dd0d5f7d97098a6c","hash":"e8aa5a85dfe1faf308523dc29fa6989d5337d341"}
,"/home/margarida/Documents/4_ano/LDSO/t3g2/mobile/assets/images/default.png": {"path":"/home/margarida/Documents/4_ano/LDSO/t3g2/mobile/assets/images/default.png","statementMap":{"0":{"start":{"line":1,"column":0},"end":{"line":1,"column":19}}},"fnMap":{},"branchMap":{},"s":{"0":1},"f":{},"b":{},"_coverageSchema":"332fd63041d2c1bcb487cc26dd0d5f7d97098a6c","hash":"e57f71e9c23bd02d79dfe8c3451de51b7a914ec9"}
,"/home/margarida/Documents/4_ano/LDSO/t3g2/mobile/assets/images/original.png": {"path":"/home/margarida/Documents/4_ano/LDSO/t3g2/mobile/assets/images/original.png","statementMap":{"0":{"start":{"line":1,"column":0},"end":{"line":1,"column":19}}},"fnMap":{},"branchMap":{},"s":{"0":3},"f":{},"b":{},"_coverageSchema":"332fd63041d2c1bcb487cc26dd0d5f7d97098a6c","hash":"083c6e923fd2cd81692aaf34a349d2045e66022b"}
,"/home/margarida/Documents/4_ano/LDSO/t3g2/mobile/assets/images/robot-dev.png": {"path":"/home/margarida/Documents/4_ano/LDSO/t3g2/mobile/assets/images/robot-dev.png","statementMap":{"0":{"start":{"line":1,"column":0},"end":{"line":1,"column":19}}},"fnMap":{},"branchMap":{},"s":{"0":1},"f":{},"b":{},"_coverageSchema":"332fd63041d2c1bcb487cc26dd0d5f7d97098a6c","hash":"13d9c970997b2c063463aea6a7df9b1b4c4b6d92"}
,"/home/margarida/Documents/4_ano/LDSO/t3g2/mobile/assets/images/robot-prod.png": {"path":"/home/margarida/Documents/4_ano/LDSO/t3g2/mobile/assets/images/robot-prod.png","statementMap":{"0":{"start":{"line":1,"column":0},"end":{"line":1,"column":19}}},"fnMap":{},"branchMap":{},"s":{"0":1},"f":{},"b":{},"_coverageSchema":"332fd63041d2c1bcb487cc26dd0d5f7d97098a6c","hash":"b652395856150bdf040ad14a1dafd366125b918f"}
,"/home/margarida/Documents/4_ano/LDSO/t3g2/mobile/components/Category.js": {"path":"/home/margarida/Documents/4_ano/LDSO/t3g2/mobile/components/Category.js","statementMap":{"0":{"start":{"line":11,"column":8},"end":{"line":11,"column":21}},"1":{"start":{"line":16,"column":8},"end":{"line":20,"column":10}},"2":{"start":{"line":24,"column":15},"end":{"line":34,"column":2}}},"fnMap":{"0":{"name":"(anonymous_0)","decl":{"start":{"line":10,"column":4},"end":{"line":10,"column":5}},"loc":{"start":{"line":10,"column":23},"end":{"line":13,"column":5}},"line":10},"1":{"name":"(anonymous_1)","decl":{"start":{"line":15,"column":4},"end":{"line":15,"column":5}},"loc":{"start":{"line":15,"column":13},"end":{"line":21,"column":5}},"line":15}},"branchMap":{},"s":{"0":1,"1":1,"2":3},"f":{"0":1,"1":1},"b":{},"_coverageSchema":"332fd63041d2c1bcb487cc26dd0d5f7d97098a6c","hash":"25ad573ba0fa20389f916078032d569d9d5149f8"}
,"/home/margarida/Documents/4_ano/LDSO/t3g2/mobile/components/CustomHeader.js": {"path":"/home/margarida/Documents/4_ano/LDSO/t3g2/mobile/components/CustomHeader.js","statementMap":{"0":{"start":{"line":13,"column":8},"end":{"line":38,"column":10}}},"fnMap":{"0":{"name":"(anonymous_0)","decl":{"start":{"line":12,"column":4},"end":{"line":12,"column":5}},"loc":{"start":{"line":12,"column":13},"end":{"line":39,"column":5}},"line":12}},"branchMap":{},"s":{"0":1},"f":{"0":1},"b":{},"_coverageSchema":"332fd63041d2c1bcb487cc26dd0d5f7d97098a6c","hash":"111fe1f1f647dae701d0d0282816ed435529f3e4"}
,"/home/margarida/Documents/4_ano/LDSO/t3g2/mobile/components/Entity.js": {"path":"/home/margarida/Documents/4_ano/LDSO/t3g2/mobile/components/Entity.js","statementMap":{"0":{"start":{"line":11,"column":8},"end":{"line":11,"column":21}},"1":{"start":{"line":16,"column":8},"end":{"line":20,"column":10}},"2":{"start":{"line":24,"column":15},"end":{"line":34,"column":2}}},"fnMap":{"0":{"name":"(anonymous_0)","decl":{"start":{"line":10,"column":4},"end":{"line":10,"column":5}},"loc":{"start":{"line":10,"column":23},"end":{"line":13,"column":5}},"line":10},"1":{"name":"(anonymous_1)","decl":{"start":{"line":15,"column":4},"end":{"line":15,"column":5}},"loc":{"start":{"line":15,"column":13},"end":{"line":21,"column":5}},"line":15}},"branchMap":{},"s":{"0":1,"1":1,"2":3},"f":{"0":1,"1":1},"b":{},"_coverageSchema":"332fd63041d2c1bcb487cc26dd0d5f7d97098a6c","hash":"520f90a2ec9747b6304767bec31f1c57e86121e2"}
,"/home/margarida/Documents/4_ano/LDSO/t3g2/mobile/components/Event.js": {"path":"/home/margarida/Documents/4_ano/LDSO/t3g2/mobile/components/Event.js","statementMap":{"0":{"start":{"line":14,"column":8},"end":{"line":14,"column":21}},"1":{"start":{"line":16,"column":25},"end":{"line":16,"column":30}},"2":{"start":{"line":18,"column":8},"end":{"line":22,"column":9}},"3":{"start":{"line":19,"column":12},"end":{"line":19,"column":57}},"4":{"start":{"line":20,"column":15},"end":{"line":22,"column":9}},"5":{"start":{"line":21,"column":12},"end":{"line":21,"column":30}},"6":{"start":{"line":24,"column":8},"end":{"line":27,"column":10}},"7":{"start":{"line":29,"column":8},"end":{"line":29,"column":53}},"8":{"start":{"line":33,"column":8},"end":{"line":33,"column":46}},"9":{"start":{"line":37,"column":8},"end":{"line":51,"column":9}},"10":{"start":{"line":38,"column":16},"end":{"line":38,"column":29}},"11":{"start":{"line":39,"column":16},"end":{"line":39,"column":29}},"12":{"start":{"line":40,"column":16},"end":{"line":40,"column":29}},"13":{"start":{"line":41,"column":16},"end":{"line":41,"column":29}},"14":{"start":{"line":42,"column":16},"end":{"line":42,"column":29}},"15":{"start":{"line":43,"column":16},"end":{"line":43,"column":29}},"16":{"start":{"line":44,"column":16},"end":{"line":44,"column":29}},"17":{"start":{"line":45,"column":16},"end":{"line":45,"column":29}},"18":{"start":{"line":46,"column":16},"end":{"line":46,"column":29}},"19":{"start":{"line":47,"column":17},"end":{"line":47,"column":30}},"20":{"start":{"line":48,"column":17},"end":{"line":48,"column":30}},"21":{"start":{"line":49,"column":17},"end":{"line":49,"column":30}},"22":{"start":{"line":50,"column":17},"end":{"line":50,"column":32}},"23":{"start":{"line":55,"column":20},"end":{"line":55,"column":66}},"24":{"start":{"line":56,"column":19},"end":{"line":56,"column":23}},"25":{"start":{"line":57,"column":22},"end":{"line":57,"column":63}},"26":{"start":{"line":58,"column":8},"end":{"line":69,"column":15}},"27":{"start":{"line":64,"column":16},"end":{"line":65,"column":74}},"28":{"start":{"line":65,"column":20},"end":{"line":65,"column":74}},"29":{"start":{"line":68,"column":16},"end":{"line":68,"column":35}},"30":{"start":{"line":73,"column":8},"end":{"line":92,"column":10}},"31":{"start":{"line":96,"column":15},"end":{"line":102,"column":2}}},"fnMap":{"0":{"name":"(anonymous_0)","decl":{"start":{"line":13,"column":4},"end":{"line":13,"column":5}},"loc":{"start":{"line":13,"column":23},"end":{"line":30,"column":5}},"line":13},"1":{"name":"(anonymous_1)","decl":{"start":{"line":32,"column":4},"end":{"line":32,"column":5}},"loc":{"start":{"line":32,"column":24},"end":{"line":34,"column":5}},"line":32},"2":{"name":"(anonymous_2)","decl":{"start":{"line":36,"column":4},"end":{"line":36,"column":5}},"loc":{"start":{"line":36,"column":28},"end":{"line":52,"column":5}},"line":36},"3":{"name":"(anonymous_3)","decl":{"start":{"line":54,"column":4},"end":{"line":54,"column":5}},"loc":{"start":{"line":54,"column":23},"end":{"line":70,"column":5}},"line":54},"4":{"name":"(anonymous_4)","decl":{"start":{"line":63,"column":18},"end":{"line":63,"column":19}},"loc":{"start":{"line":63,"column":37},"end":{"line":66,"column":13}},"line":63},"5":{"name":"(anonymous_5)","decl":{"start":{"line":67,"column":19},"end":{"line":67,"column":20}},"loc":{"start":{"line":67,"column":35},"end":{"line":69,"column":13}},"line":67},"6":{"name":"(anonymous_6)","decl":{"start":{"line":72,"column":4},"end":{"line":72,"column":5}},"loc":{"start":{"line":72,"column":13},"end":{"line":93,"column":5}},"line":72}},"branchMap":{"0":{"loc":{"start":{"line":18,"column":8},"end":{"line":22,"column":9}},"type":"if","locations":[{"start":{"line":18,"column":8},"end":{"line":22,"column":9}},{"start":{"line":18,"column":8},"end":{"line":22,"column":9}}],"line":18},"1":{"loc":{"start":{"line":20,"column":15},"end":{"line":22,"column":9}},"type":"if","locations":[{"start":{"line":20,"column":15},"end":{"line":22,"column":9}},{"start":{"line":20,"column":15},"end":{"line":22,"column":9}}],"line":20},"2":{"loc":{"start":{"line":37,"column":8},"end":{"line":51,"column":9}},"type":"switch","locations":[{"start":{"line":38,"column":8},"end":{"line":38,"column":29}},{"start":{"line":39,"column":8},"end":{"line":39,"column":29}},{"start":{"line":40,"column":8},"end":{"line":40,"column":29}},{"start":{"line":41,"column":8},"end":{"line":41,"column":29}},{"start":{"line":42,"column":8},"end":{"line":42,"column":29}},{"start":{"line":43,"column":8},"end":{"line":43,"column":29}},{"start":{"line":44,"column":8},"end":{"line":44,"column":29}},{"start":{"line":45,"column":8},"end":{"line":45,"column":29}},{"start":{"line":46,"column":8},"end":{"line":46,"column":29}},{"start":{"line":47,"column":8},"end":{"line":47,"column":30}},{"start":{"line":48,"column":8},"end":{"line":48,"column":30}},{"start":{"line":49,"column":8},"end":{"line":49,"column":30}},{"start":{"line":50,"column":8},"end":{"line":50,"column":32}}],"line":37},"3":{"loc":{"start":{"line":64,"column":16},"end":{"line":65,"column":74}},"type":"if","locations":[{"start":{"line":64,"column":16},"end":{"line":65,"column":74}},{"start":{"line":64,"column":16},"end":{"line":65,"column":74}}],"line":64},"4":{"loc":{"start":{"line":75,"column":31},"end":{"line":75,"column":161}},"type":"cond-expr","locations":[{"start":{"line":75,"column":56},"end":{"line":75,"column":119}},{"start":{"line":75,"column":122},"end":{"line":75,"column":161}}],"line":75},"5":{"loc":{"start":{"line":89,"column":111},"end":{"line":89,"column":164}},"type":"cond-expr","locations":[{"start":{"line":89,"column":135},"end":{"line":89,"column":144}},{"start":{"line":89,"column":147},"end":{"line":89,"column":164}}],"line":89}},"s":{"0":7,"1":7,"2":7,"3":6,"4":1,"5":1,"6":7,"7":7,"8":1,"9":22,"10":1,"11":1,"12":1,"13":1,"14":1,"15":1,"16":1,"17":1,"18":1,"19":10,"20":1,"21":1,"22":1,"23":2,"24":2,"25":2,"26":2,"27":1,"28":1,"29":1,"30":9,"31":4},"f":{"0":7,"1":1,"2":22,"3":2,"4":1,"5":1,"6":9},"b":{"0":[6,1],"1":[1,0],"2":[1,1,1,1,1,1,1,1,1,10,1,1,1],"3":[1,0],"4":[8,1],"5":[6,3]},"_coverageSchema":"332fd63041d2c1bcb487cc26dd0d5f7d97098a6c","hash":"9dd56b4af4abb9fb09e9b9534345bbca4f36aed5"}
,"/home/margarida/Documents/4_ano/LDSO/t3g2/mobile/components/StyledText.js": {"path":"/home/margarida/Documents/4_ano/LDSO/t3g2/mobile/components/StyledText.js","statementMap":{"0":{"start":{"line":6,"column":8},"end":{"line":6,"column":97}}},"fnMap":{"0":{"name":"(anonymous_0)","decl":{"start":{"line":5,"column":4},"end":{"line":5,"column":5}},"loc":{"start":{"line":5,"column":13},"end":{"line":7,"column":5}},"line":5}},"branchMap":{},"s":{"0":1},"f":{"0":1},"b":{},"_coverageSchema":"332fd63041d2c1bcb487cc26dd0d5f7d97098a6c","hash":"547bb20e91c6c0efa20ce0918074b6d962c2a41f"}
,"/home/margarida/Documents/4_ano/LDSO/t3g2/mobile/components/TabBarIcon.js": {"path":"/home/margarida/Documents/4_ano/LDSO/t3g2/mobile/components/TabBarIcon.js","statementMap":{"0":{"start":{"line":6,"column":8},"end":{"line":13,"column":10}}},"fnMap":{"0":{"name":"(anonymous_0)","decl":{"start":{"line":5,"column":4},"end":{"line":5,"column":5}},"loc":{"start":{"line":5,"column":13},"end":{"line":14,"column":5}},"line":5}},"branchMap":{"0":{"loc":{"start":{"line":11,"column":23},"end":{"line":11,"column":65}},"type":"cond-expr","locations":[{"start":{"line":11,"column":44},"end":{"line":11,"column":53}},{"start":{"line":11,"column":56},"end":{"line":11,"column":65}}],"line":11}},"s":{"0":2},"f":{"0":2},"b":{"0":[1,1]},"_coverageSchema":"332fd63041d2c1bcb487cc26dd0d5f7d97098a6c","hash":"e7cc065e08888bce76197d0bdafd1a8383a564a6"}
,"/home/margarida/Documents/4_ano/LDSO/t3g2/mobile/navigation/AppNavigator.js": {"path":"/home/margarida/Documents/4_ano/LDSO/t3g2/mobile/navigation/AppNavigator.js","statementMap":{},"fnMap":{},"branchMap":{},"s":{},"f":{},"b":{},"_coverageSchema":"332fd63041d2c1bcb487cc26dd0d5f7d97098a6c","hash":"7612f5bda8ad1bfe1c0e93fca4a831649fa4a860"}
,"/home/margarida/Documents/4_ano/LDSO/t3g2/mobile/navigation/MainTabNavigator.js": {"path":"/home/margarida/Documents/4_ano/LDSO/t3g2/mobile/navigation/MainTabNavigator.js","statementMap":{"0":{"start":{"line":13,"column":20},"end":{"line":18,"column":2}},"1":{"start":{"line":20,"column":0},"end":{"line":32,"column":2}},"2":{"start":{"line":23,"column":8},"end":{"line":30,"column":10}},"3":{"start":{"line":34,"column":23},"end":{"line":36,"column":2}},"4":{"start":{"line":38,"column":0},"end":{"line":50,"column":2}},"5":{"start":{"line":41,"column":8},"end":{"line":48,"column":10}},"6":{"start":{"line":52,"column":20},"end":{"line":54,"column":2}},"7":{"start":{"line":56,"column":0},"end":{"line":64,"column":2}},"8":{"start":{"line":59,"column":8},"end":{"line":62,"column":10}}},"fnMap":{"0":{"name":"(anonymous_0)","decl":{"start":{"line":22,"column":16},"end":{"line":22,"column":17}},"loc":{"start":{"line":23,"column":8},"end":{"line":30,"column":10}},"line":23},"1":{"name":"(anonymous_1)","decl":{"start":{"line":40,"column":16},"end":{"line":40,"column":17}},"loc":{"start":{"line":41,"column":8},"end":{"line":48,"column":10}},"line":41},"2":{"name":"(anonymous_2)","decl":{"start":{"line":58,"column":16},"end":{"line":58,"column":17}},"loc":{"start":{"line":59,"column":8},"end":{"line":62,"column":10}},"line":59}},"branchMap":{"0":{"loc":{"start":{"line":26,"column":16},"end":{"line":28,"column":35}},"type":"cond-expr","locations":[{"start":{"line":27,"column":22},"end":{"line":27,"column":64}},{"start":{"line":28,"column":22},"end":{"line":28,"column":35}}],"line":26},"1":{"loc":{"start":{"line":27,"column":37},"end":{"line":27,"column":62}},"type":"cond-expr","locations":[{"start":{"line":27,"column":47},"end":{"line":27,"column":49}},{"start":{"line":27,"column":52},"end":{"line":27,"column":62}}],"line":27},"2":{"loc":{"start":{"line":44,"column":16},"end":{"line":46,"column":39}},"type":"cond-expr","locations":[{"start":{"line":45,"column":22},"end":{"line":45,"column":60}},{"start":{"line":46,"column":22},"end":{"line":46,"column":39}}],"line":44},"3":{"loc":{"start":{"line":45,"column":33},"end":{"line":45,"column":58}},"type":"cond-expr","locations":[{"start":{"line":45,"column":43},"end":{"line":45,"column":45}},{"start":{"line":45,"column":48},"end":{"line":45,"column":58}}],"line":45},"4":{"loc":{"start":{"line":61,"column":18},"end":{"line":61,"column":96}},"type":"cond-expr","locations":[{"start":{"line":61,"column":42},"end":{"line":61,"column":82}},{"start":{"line":61,"column":85},"end":{"line":61,"column":96}}],"line":61},"5":{"loc":{"start":{"line":61,"column":55},"end":{"line":61,"column":80}},"type":"cond-expr","locations":[{"start":{"line":61,"column":65},"end":{"line":61,"column":67}},{"start":{"line":61,"column":70},"end":{"line":61,"column":80}}],"line":61}},"s":{"0":1,"1":1,"2":0,"3":1,"4":1,"5":0,"6":1,"7":1,"8":0},"f":{"0":0,"1":0,"2":0},"b":{"0":[0,0],"1":[0,0],"2":[0,0],"3":[0,0],"4":[0,0],"5":[0,0]},"_coverageSchema":"332fd63041d2c1bcb487cc26dd0d5f7d97098a6c","hash":"de6442e7d31b104de926a70a2b44414e74794d8b"}
,"/home/margarida/Documents/4_ano/LDSO/t3g2/mobile/screens/AgendaScreen.js": {"path":"/home/margarida/Documents/4_ano/LDSO/t3g2/mobile/screens/AgendaScreen.js","statementMap":{"0":{"start":{"line":26,"column":8},"end":{"line":26,"column":32}},"1":{"start":{"line":30,"column":8},"end":{"line":33,"column":11}},"2":{"start":{"line":34,"column":8},"end":{"line":37,"column":11}},"3":{"start":{"line":38,"column":8},"end":{"line":38,"column":32}},"4":{"start":{"line":39,"column":8},"end":{"line":39,"column":42}},"5":{"start":{"line":43,"column":20},"end":{"line":43,"column":66}},"6":{"start":{"line":45,"column":19},"end":{"line":45,"column":23}},"7":{"start":{"line":46,"column":22},"end":{"line":46,"column":62}},"8":{"start":{"line":47,"column":8},"end":{"line":47,"column":52}},"9":{"start":{"line":48,"column":8},"end":{"line":48,"column":42}},"10":{"start":{"line":49,"column":8},"end":{"line":51,"column":9}},"11":{"start":{"line":50,"column":12},"end":{"line":50,"column":102}},"12":{"start":{"line":52,"column":8},"end":{"line":54,"column":9}},"13":{"start":{"line":53,"column":12},"end":{"line":53,"column":106}},"14":{"start":{"line":55,"column":8},"end":{"line":63,"column":15}},"15":{"start":{"line":57,"column":31},"end":{"line":57,"column":44}},"16":{"start":{"line":58,"column":16},"end":{"line":59,"column":46}},"17":{"start":{"line":59,"column":20},"end":{"line":59,"column":46}},"18":{"start":{"line":62,"column":16},"end":{"line":62,"column":35}},"19":{"start":{"line":64,"column":8},"end":{"line":64,"column":45}},"20":{"start":{"line":68,"column":8},"end":{"line":68,"column":34}},"21":{"start":{"line":72,"column":8},"end":{"line":78,"column":9}},"22":{"start":{"line":73,"column":12},"end":{"line":77,"column":14}},"23":{"start":{"line":79,"column":29},"end":{"line":79,"column":50}},"24":{"start":{"line":81,"column":23},"end":{"line":83,"column":10}},"25":{"start":{"line":82,"column":12},"end":{"line":82,"column":98}},"26":{"start":{"line":82,"column":55},"end":{"line":82,"column":94}},"27":{"start":{"line":85,"column":8},"end":{"line":86,"column":36}},"28":{"start":{"line":86,"column":12},"end":{"line":86,"column":36}},"29":{"start":{"line":89,"column":8},"end":{"line":98,"column":9}},"30":{"start":{"line":90,"column":12},"end":{"line":97,"column":14}},"31":{"start":{"line":100,"column":8},"end":{"line":150,"column":10}},"32":{"start":{"line":112,"column":143},"end":{"line":112,"column":194}},"33":{"start":{"line":129,"column":143},"end":{"line":129,"column":192}}},"fnMap":{"0":{"name":"(anonymous_0)","decl":{"start":{"line":25,"column":4},"end":{"line":25,"column":5}},"loc":{"start":{"line":25,"column":27},"end":{"line":27,"column":5}},"line":25},"1":{"name":"(anonymous_1)","decl":{"start":{"line":29,"column":4},"end":{"line":29,"column":5}},"loc":{"start":{"line":29,"column":30},"end":{"line":40,"column":5}},"line":29},"2":{"name":"(anonymous_2)","decl":{"start":{"line":42,"column":4},"end":{"line":42,"column":5}},"loc":{"start":{"line":42,"column":29},"end":{"line":65,"column":5}},"line":42},"3":{"name":"(anonymous_3)","decl":{"start":{"line":56,"column":18},"end":{"line":56,"column":19}},"loc":{"start":{"line":56,"column":37},"end":{"line":60,"column":13}},"line":56},"4":{"name":"(anonymous_4)","decl":{"start":{"line":61,"column":19},"end":{"line":61,"column":20}},"loc":{"start":{"line":61,"column":35},"end":{"line":63,"column":13}},"line":61},"5":{"name":"(anonymous_5)","decl":{"start":{"line":67,"column":15},"end":{"line":67,"column":16}},"loc":{"start":{"line":67,"column":29},"end":{"line":69,"column":5}},"line":67},"6":{"name":"(anonymous_6)","decl":{"start":{"line":71,"column":4},"end":{"line":71,"column":5}},"loc":{"start":{"line":71,"column":13},"end":{"line":151,"column":5}},"line":71},"7":{"name":"(anonymous_7)","decl":{"start":{"line":81,"column":45},"end":{"line":81,"column":46}},"loc":{"start":{"line":82,"column":12},"end":{"line":82,"column":98}},"line":82},"8":{"name":"(anonymous_8)","decl":{"start":{"line":82,"column":49},"end":{"line":82,"column":50}},"loc":{"start":{"line":82,"column":55},"end":{"line":82,"column":94}},"line":82},"9":{"name":"(anonymous_9)","decl":{"start":{"line":112,"column":137},"end":{"line":112,"column":138}},"loc":{"start":{"line":112,"column":143},"end":{"line":112,"column":194}},"line":112},"10":{"name":"(anonymous_10)","decl":{"start":{"line":129,"column":137},"end":{"line":129,"column":138}},"loc":{"start":{"line":129,"column":143},"end":{"line":129,"column":192}},"line":129}},"branchMap":{"0":{"loc":{"start":{"line":49,"column":8},"end":{"line":51,"column":9}},"type":"if","locations":[{"start":{"line":49,"column":8},"end":{"line":51,"column":9}},{"start":{"line":49,"column":8},"end":{"line":51,"column":9}}],"line":49},"1":{"loc":{"start":{"line":52,"column":8},"end":{"line":54,"column":9}},"type":"if","locations":[{"start":{"line":52,"column":8},"end":{"line":54,"column":9}},{"start":{"line":52,"column":8},"end":{"line":54,"column":9}}],"line":52},"2":{"loc":{"start":{"line":58,"column":16},"end":{"line":59,"column":46}},"type":"if","locations":[{"start":{"line":58,"column":16},"end":{"line":59,"column":46}},{"start":{"line":58,"column":16},"end":{"line":59,"column":46}}],"line":58},"3":{"loc":{"start":{"line":72,"column":8},"end":{"line":78,"column":9}},"type":"if","locations":[{"start":{"line":72,"column":8},"end":{"line":78,"column":9}},{"start":{"line":72,"column":8},"end":{"line":78,"column":9}}],"line":72},"4":{"loc":{"start":{"line":85,"column":8},"end":{"line":86,"column":36}},"type":"if","locations":[{"start":{"line":85,"column":8},"end":{"line":86,"column":36}},{"start":{"line":85,"column":8},"end":{"line":86,"column":36}}],"line":85},"5":{"loc":{"start":{"line":89,"column":8},"end":{"line":98,"column":9}},"type":"if","locations":[{"start":{"line":89,"column":8},"end":{"line":98,"column":9}},{"start":{"line":89,"column":8},"end":{"line":98,"column":9}}],"line":89}},"s":{"0":0,"1":5,"2":1,"3":1,"4":1,"5":1,"6":1,"7":1,"8":1,"9":1,"10":1,"11":0,"12":0,"13":0,"14":0,"15":0,"16":0,"17":0,"18":0,"19":0,"20":0,"21":6,"22":5,"23":1,"24":0,"25":0,"26":0,"27":0,"28":0,"29":0,"30":0,"31":0,"32":0,"33":0},"f":{"0":0,"1":5,"2":1,"3":0,"4":0,"5":0,"6":6,"7":0,"8":0,"9":0,"10":0},"b":{"0":[0,0],"1":[0,0],"2":[0,0],"3":[5,1],"4":[0,0],"5":[0,0]},"_coverageSchema":"332fd63041d2c1bcb487cc26dd0d5f7d97098a6c","hash":"2259a9be2867267578fd9ab4dadead96ecb85599"}
,"/home/margarida/Documents/4_ano/LDSO/t3g2/mobile/screens/CategoriesScreen.js": {"path":"/home/margarida/Documents/4_ano/LDSO/t3g2/mobile/screens/CategoriesScreen.js","statementMap":{"0":{"start":{"line":19,"column":8},"end":{"line":19,"column":32}},"1":{"start":{"line":23,"column":8},"end":{"line":26,"column":11}},"2":{"start":{"line":27,"column":8},"end":{"line":27,"column":36}},"3":{"start":{"line":28,"column":8},"end":{"line":28,"column":63}},"4":{"start":{"line":32,"column":19},"end":{"line":32,"column":23}},"5":{"start":{"line":33,"column":8},"end":{"line":41,"column":15}},"6":{"start":{"line":35,"column":35},"end":{"line":35,"column":48}},"7":{"start":{"line":36,"column":16},"end":{"line":37,"column":50}},"8":{"start":{"line":37,"column":20},"end":{"line":37,"column":50}},"9":{"start":{"line":40,"column":16},"end":{"line":40,"column":35}},"10":{"start":{"line":45,"column":8},"end":{"line":51,"column":9}},"11":{"start":{"line":46,"column":12},"end":{"line":50,"column":14}},"12":{"start":{"line":52,"column":29},"end":{"line":52,"column":50}},"13":{"start":{"line":54,"column":27},"end":{"line":56,"column":10}},"14":{"start":{"line":55,"column":12},"end":{"line":55,"column":226}},"15":{"start":{"line":55,"column":63},"end":{"line":55,"column":152}},"16":{"start":{"line":55,"column":153},"end":{"line":55,"column":219}},"17":{"start":{"line":58,"column":8},"end":{"line":72,"column":10}},"18":{"start":{"line":65,"column":75},"end":{"line":65,"column":157}},"19":{"start":{"line":65,"column":158},"end":{"line":65,"column":224}},"20":{"start":{"line":66,"column":65},"end":{"line":66,"column":147}},"21":{"start":{"line":66,"column":148},"end":{"line":66,"column":214}},"22":{"start":{"line":76,"column":15},"end":{"line":97,"column":2}}},"fnMap":{"0":{"name":"(anonymous_0)","decl":{"start":{"line":18,"column":4},"end":{"line":18,"column":5}},"loc":{"start":{"line":18,"column":27},"end":{"line":20,"column":5}},"line":18},"1":{"name":"(anonymous_1)","decl":{"start":{"line":22,"column":4},"end":{"line":22,"column":5}},"loc":{"start":{"line":22,"column":30},"end":{"line":29,"column":5}},"line":22},"2":{"name":"(anonymous_2)","decl":{"start":{"line":31,"column":4},"end":{"line":31,"column":5}},"loc":{"start":{"line":31,"column":27},"end":{"line":42,"column":5}},"line":31},"3":{"name":"(anonymous_3)","decl":{"start":{"line":34,"column":18},"end":{"line":34,"column":19}},"loc":{"start":{"line":34,"column":37},"end":{"line":38,"column":13}},"line":34},"4":{"name":"(anonymous_4)","decl":{"start":{"line":39,"column":19},"end":{"line":39,"column":20}},"loc":{"start":{"line":39,"column":35},"end":{"line":41,"column":13}},"line":39},"5":{"name":"(anonymous_5)","decl":{"start":{"line":44,"column":4},"end":{"line":44,"column":5}},"loc":{"start":{"line":44,"column":13},"end":{"line":73,"column":5}},"line":44},"6":{"name":"(anonymous_6)","decl":{"start":{"line":54,"column":53},"end":{"line":54,"column":54}},"loc":{"start":{"line":55,"column":12},"end":{"line":55,"column":226}},"line":55},"7":{"name":"(anonymous_7)","decl":{"start":{"line":55,"column":55},"end":{"line":55,"column":56}},"loc":{"start":{"line":55,"column":61},"end":{"line":55,"column":221}},"line":55},"8":{"name":"(anonymous_8)","decl":{"start":{"line":65,"column":67},"end":{"line":65,"column":68}},"loc":{"start":{"line":65,"column":73},"end":{"line":65,"column":226}},"line":65},"9":{"name":"(anonymous_9)","decl":{"start":{"line":66,"column":57},"end":{"line":66,"column":58}},"loc":{"start":{"line":66,"column":63},"end":{"line":66,"column":216}},"line":66}},"branchMap":{"0":{"loc":{"start":{"line":28,"column":8},"end":{"line":28,"column":62}},"type":"binary-expr","locations":[{"start":{"line":28,"column":8},"end":{"line":28,"column":25}},{"start":{"line":28,"column":29},"end":{"line":28,"column":62}}],"line":28},"1":{"loc":{"start":{"line":36,"column":16},"end":{"line":37,"column":50}},"type":"if","locations":[{"start":{"line":36,"column":16},"end":{"line":37,"column":50}},{"start":{"line":36,"column":16},"end":{"line":37,"column":50}}],"line":36},"2":{"loc":{"start":{"line":45,"column":8},"end":{"line":51,"column":9}},"type":"if","locations":[{"start":{"line":45,"column":8},"end":{"line":51,"column":9}},{"start":{"line":45,"column":8},"end":{"line":51,"column":9}}],"line":45}},"s":{"0":1,"1":1,"2":1,"3":1,"4":1,"5":1,"6":0,"7":0,"8":0,"9":0,"10":2,"11":1,"12":1,"13":0,"14":0,"15":0,"16":0,"17":0,"18":0,"19":0,"20":0,"21":0,"22":2},"f":{"0":1,"1":1,"2":1,"3":0,"4":0,"5":2,"6":0,"7":0,"8":0,"9":0},"b":{"0":[1,1],"1":[0,0],"2":[1,1]},"_coverageSchema":"332fd63041d2c1bcb487cc26dd0d5f7d97098a6c","hash":"717394b5d183dcdbfa30065ce563660585a2f3e1"}
,"/home/margarida/Documents/4_ano/LDSO/t3g2/mobile/screens/EntitiesScreen.js": {"path":"/home/margarida/Documents/4_ano/LDSO/t3g2/mobile/screens/EntitiesScreen.js","statementMap":{"0":{"start":{"line":19,"column":8},"end":{"line":19,"column":32}},"1":{"start":{"line":23,"column":8},"end":{"line":26,"column":11}},"2":{"start":{"line":27,"column":8},"end":{"line":27,"column":34}},"3":{"start":{"line":28,"column":8},"end":{"line":28,"column":63}},"4":{"start":{"line":33,"column":19},"end":{"line":33,"column":23}},"5":{"start":{"line":34,"column":8},"end":{"line":41,"column":15}},"6":{"start":{"line":36,"column":33},"end":{"line":36,"column":46}},"7":{"start":{"line":37,"column":16},"end":{"line":37,"column":44}},"8":{"start":{"line":40,"column":16},"end":{"line":40,"column":35}},"9":{"start":{"line":45,"column":8},"end":{"line":51,"column":9}},"10":{"start":{"line":46,"column":12},"end":{"line":50,"column":14}},"11":{"start":{"line":52,"column":29},"end":{"line":52,"column":50}},"12":{"start":{"line":54,"column":25},"end":{"line":56,"column":10}},"13":{"start":{"line":55,"column":12},"end":{"line":55,"column":217}},"14":{"start":{"line":55,"column":59},"end":{"line":55,"column":144}},"15":{"start":{"line":55,"column":145},"end":{"line":55,"column":211}},"16":{"start":{"line":58,"column":8},"end":{"line":72,"column":10}},"17":{"start":{"line":65,"column":75},"end":{"line":65,"column":149}},"18":{"start":{"line":65,"column":150},"end":{"line":65,"column":216}},"19":{"start":{"line":66,"column":65},"end":{"line":66,"column":139}},"20":{"start":{"line":66,"column":140},"end":{"line":66,"column":206}},"21":{"start":{"line":76,"column":15},"end":{"line":97,"column":2}}},"fnMap":{"0":{"name":"(anonymous_0)","decl":{"start":{"line":18,"column":4},"end":{"line":18,"column":5}},"loc":{"start":{"line":18,"column":27},"end":{"line":20,"column":5}},"line":18},"1":{"name":"(anonymous_1)","decl":{"start":{"line":22,"column":4},"end":{"line":22,"column":5}},"loc":{"start":{"line":22,"column":30},"end":{"line":29,"column":5}},"line":22},"2":{"name":"(anonymous_2)","decl":{"start":{"line":32,"column":4},"end":{"line":32,"column":5}},"loc":{"start":{"line":32,"column":25},"end":{"line":42,"column":5}},"line":32},"3":{"name":"(anonymous_3)","decl":{"start":{"line":35,"column":18},"end":{"line":35,"column":19}},"loc":{"start":{"line":35,"column":37},"end":{"line":38,"column":13}},"line":35},"4":{"name":"(anonymous_4)","decl":{"start":{"line":39,"column":19},"end":{"line":39,"column":20}},"loc":{"start":{"line":39,"column":35},"end":{"line":41,"column":13}},"line":39},"5":{"name":"(anonymous_5)","decl":{"start":{"line":44,"column":4},"end":{"line":44,"column":5}},"loc":{"start":{"line":44,"column":13},"end":{"line":73,"column":5}},"line":44},"6":{"name":"(anonymous_6)","decl":{"start":{"line":54,"column":49},"end":{"line":54,"column":50}},"loc":{"start":{"line":55,"column":12},"end":{"line":55,"column":217}},"line":55},"7":{"name":"(anonymous_7)","decl":{"start":{"line":55,"column":51},"end":{"line":55,"column":52}},"loc":{"start":{"line":55,"column":57},"end":{"line":55,"column":213}},"line":55},"8":{"name":"(anonymous_8)","decl":{"start":{"line":65,"column":67},"end":{"line":65,"column":68}},"loc":{"start":{"line":65,"column":73},"end":{"line":65,"column":218}},"line":65},"9":{"name":"(anonymous_9)","decl":{"start":{"line":66,"column":57},"end":{"line":66,"column":58}},"loc":{"start":{"line":66,"column":63},"end":{"line":66,"column":208}},"line":66}},"branchMap":{"0":{"loc":{"start":{"line":28,"column":8},"end":{"line":28,"column":62}},"type":"binary-expr","locations":[{"start":{"line":28,"column":8},"end":{"line":28,"column":25}},{"start":{"line":28,"column":29},"end":{"line":28,"column":62}}],"line":28},"1":{"loc":{"start":{"line":45,"column":8},"end":{"line":51,"column":9}},"type":"if","locations":[{"start":{"line":45,"column":8},"end":{"line":51,"column":9}},{"start":{"line":45,"column":8},"end":{"line":51,"column":9}}],"line":45}},"s":{"0":1,"1":1,"2":1,"3":1,"4":1,"5":1,"6":0,"7":0,"8":0,"9":2,"10":1,"11":1,"12":0,"13":0,"14":0,"15":0,"16":0,"17":0,"18":0,"19":0,"20":0,"21":2},"f":{"0":1,"1":1,"2":1,"3":0,"4":0,"5":2,"6":0,"7":0,"8":0,"9":0},"b":{"0":[1,1],"1":[1,1]},"_coverageSchema":"332fd63041d2c1bcb487cc26dd0d5f7d97098a6c","hash":"2eefce46fd46655af469e9b3a3b14af26af3a0cf"}
,"/home/margarida/Documents/4_ano/LDSO/t3g2/mobile/screens/EventScreen.js": {"path":"/home/margarida/Documents/4_ano/LDSO/t3g2/mobile/screens/EventScreen.js","statementMap":{"0":{"start":{"line":13,"column":8},"end":{"line":13,"column":21}},"1":{"start":{"line":15,"column":8},"end":{"line":18,"column":10}},"2":{"start":{"line":22,"column":8},"end":{"line":22,"column":46}},"3":{"start":{"line":30,"column":6},"end":{"line":30,"column":30}},"4":{"start":{"line":34,"column":6},"end":{"line":39,"column":9}},"5":{"start":{"line":40,"column":6},"end":{"line":40,"column":71}},"6":{"start":{"line":41,"column":6},"end":{"line":41,"column":40}},"7":{"start":{"line":45,"column":22},"end":{"line":45,"column":38}},"8":{"start":{"line":46,"column":20},"end":{"line":46,"column":34}},"9":{"start":{"line":47,"column":21},"end":{"line":47,"column":58}},"10":{"start":{"line":48,"column":23},"end":{"line":48,"column":60}},"11":{"start":{"line":49,"column":22},"end":{"line":49,"column":59}},"12":{"start":{"line":50,"column":17},"end":{"line":50,"column":62}},"13":{"start":{"line":52,"column":6},"end":{"line":57,"column":7}},"14":{"start":{"line":53,"column":23},"end":{"line":53,"column":58}},"15":{"start":{"line":54,"column":25},"end":{"line":54,"column":60}},"16":{"start":{"line":55,"column":24},"end":{"line":55,"column":59}},"17":{"start":{"line":56,"column":10},"end":{"line":56,"column":68}},"18":{"start":{"line":59,"column":6},"end":{"line":59,"column":18}},"19":{"start":{"line":63,"column":6},"end":{"line":69,"column":7}},"20":{"start":{"line":64,"column":10},"end":{"line":68,"column":12}},"21":{"start":{"line":71,"column":6},"end":{"line":121,"column":8}},"22":{"start":{"line":125,"column":15},"end":{"line":154,"column":2}}},"fnMap":{"0":{"name":"(anonymous_0)","decl":{"start":{"line":12,"column":4},"end":{"line":12,"column":5}},"loc":{"start":{"line":12,"column":23},"end":{"line":19,"column":5}},"line":12},"1":{"name":"(anonymous_1)","decl":{"start":{"line":21,"column":4},"end":{"line":21,"column":5}},"loc":{"start":{"line":21,"column":24},"end":{"line":23,"column":5}},"line":21},"2":{"name":"(anonymous_2)","decl":{"start":{"line":29,"column":2},"end":{"line":29,"column":3}},"loc":{"start":{"line":29,"column":25},"end":{"line":31,"column":3}},"line":29},"3":{"name":"(anonymous_3)","decl":{"start":{"line":33,"column":2},"end":{"line":33,"column":3}},"loc":{"start":{"line":33,"column":28},"end":{"line":42,"column":3}},"line":33},"4":{"name":"(anonymous_4)","decl":{"start":{"line":44,"column":2},"end":{"line":44,"column":3}},"loc":{"start":{"line":44,"column":22},"end":{"line":60,"column":3}},"line":44},"5":{"name":"(anonymous_5)","decl":{"start":{"line":62,"column":2},"end":{"line":62,"column":3}},"loc":{"start":{"line":62,"column":11},"end":{"line":122,"column":3}},"line":62}},"branchMap":{"0":{"loc":{"start":{"line":52,"column":6},"end":{"line":57,"column":7}},"type":"if","locations":[{"start":{"line":52,"column":6},"end":{"line":57,"column":7}},{"start":{"line":52,"column":6},"end":{"line":57,"column":7}}],"line":52},"1":{"loc":{"start":{"line":63,"column":6},"end":{"line":69,"column":7}},"type":"if","locations":[{"start":{"line":63,"column":6},"end":{"line":69,"column":7}},{"start":{"line":63,"column":6},"end":{"line":69,"column":7}}],"line":63},"2":{"loc":{"start":{"line":76,"column":37},"end":{"line":76,"column":162}},"type":"cond-expr","locations":[{"start":{"line":76,"column":62},"end":{"line":76,"column":120}},{"start":{"line":76,"column":123},"end":{"line":76,"column":162}}],"line":76}},"s":{"0":6,"1":6,"2":1,"3":1,"4":6,"5":2,"6":0,"7":2,"8":2,"9":2,"10":2,"11":2,"12":2,"13":2,"14":1,"15":1,"16":1,"17":1,"18":2,"19":7,"20":7,"21":0,"22":2},"f":{"0":6,"1":1,"2":1,"3":6,"4":2,"5":7},"b":{"0":[1,1],"1":[7,0],"2":[0,0]},"_coverageSchema":"332fd63041d2c1bcb487cc26dd0d5f7d97098a6c","hash":"aded95ac6a7467a829c1749fa892a4b58cc3f3ba"}
,"/home/margarida/Documents/4_ano/LDSO/t3g2/mobile/screens/FavoritesScreen.js": {"path":"/home/margarida/Documents/4_ano/LDSO/t3g2/mobile/screens/FavoritesScreen.js","statementMap":{"0":{"start":{"line":15,"column":6},"end":{"line":21,"column":8}}},"fnMap":{"0":{"name":"(anonymous_0)","decl":{"start":{"line":14,"column":2},"end":{"line":14,"column":3}},"loc":{"start":{"line":14,"column":11},"end":{"line":22,"column":3}},"line":14}},"branchMap":{},"s":{"0":1},"f":{"0":1},"b":{},"_coverageSchema":"332fd63041d2c1bcb487cc26dd0d5f7d97098a6c","hash":"610550934abb660a8023e174dc076564e4dbd65b"}
,"/home/margarida/Documents/4_ano/LDSO/t3g2/mobile/screens/LogInScreen.js": {"path":"/home/margarida/Documents/4_ano/LDSO/t3g2/mobile/screens/LogInScreen.js","statementMap":{"0":{"start":{"line":9,"column":8},"end":{"line":9,"column":21}},"1":{"start":{"line":10,"column":8},"end":{"line":10,"column":70}},"2":{"start":{"line":18,"column":8},"end":{"line":18,"column":32}},"3":{"start":{"line":22,"column":8},"end":{"line":25,"column":11}},"4":{"start":{"line":26,"column":8},"end":{"line":26,"column":42}},"5":{"start":{"line":30,"column":8},"end":{"line":36,"column":9}},"6":{"start":{"line":31,"column":12},"end":{"line":35,"column":14}},"7":{"start":{"line":38,"column":8},"end":{"line":81,"column":10}},"8":{"start":{"line":75,"column":102},"end":{"line":75,"column":121}}},"fnMap":{"0":{"name":"(anonymous_0)","decl":{"start":{"line":8,"column":4},"end":{"line":8,"column":5}},"loc":{"start":{"line":8,"column":23},"end":{"line":11,"column":5}},"line":8},"1":{"name":"(anonymous_1)","decl":{"start":{"line":17,"column":4},"end":{"line":17,"column":5}},"loc":{"start":{"line":17,"column":27},"end":{"line":19,"column":5}},"line":17},"2":{"name":"(anonymous_2)","decl":{"start":{"line":21,"column":4},"end":{"line":21,"column":5}},"loc":{"start":{"line":21,"column":30},"end":{"line":27,"column":5}},"line":21},"3":{"name":"(anonymous_3)","decl":{"start":{"line":29,"column":4},"end":{"line":29,"column":5}},"loc":{"start":{"line":29,"column":13},"end":{"line":82,"column":5}},"line":29},"4":{"name":"(anonymous_4)","decl":{"start":{"line":75,"column":96},"end":{"line":75,"column":97}},"loc":{"start":{"line":75,"column":102},"end":{"line":75,"column":121}},"line":75}},"branchMap":{"0":{"loc":{"start":{"line":30,"column":8},"end":{"line":36,"column":9}},"type":"if","locations":[{"start":{"line":30,"column":8},"end":{"line":36,"column":9}},{"start":{"line":30,"column":8},"end":{"line":36,"column":9}}],"line":30}},"s":{"0":6,"1":6,"2":1,"3":6,"4":4,"5":11,"6":1,"7":10,"8":0},"f":{"0":6,"1":1,"2":6,"3":11,"4":0},"b":{"0":[1,10]},"_coverageSchema":"332fd63041d2c1bcb487cc26dd0d5f7d97098a6c","hash":"4436aeb35f8003aa8a414e43494e71fbf8ae967d"}
,"/home/margarida/Documents/4_ano/LDSO/t3g2/mobile/screens/SearchScreen.js": {"path":"/home/margarida/Documents/4_ano/LDSO/t3g2/mobile/screens/SearchScreen.js","statementMap":{"0":{"start":{"line":12,"column":8},"end":{"line":12,"column":21}},"1":{"start":{"line":14,"column":8},"end":{"line":19,"column":10}},"2":{"start":{"line":29,"column":8},"end":{"line":32,"column":11}},"3":{"start":{"line":33,"column":8},"end":{"line":36,"column":11}},"4":{"start":{"line":37,"column":20},"end":{"line":37,"column":66}},"5":{"start":{"line":38,"column":8},"end":{"line":38,"column":24}},"6":{"start":{"line":39,"column":8},"end":{"line":39,"column":56}},"7":{"start":{"line":43,"column":19},"end":{"line":43,"column":23}},"8":{"start":{"line":44,"column":8},"end":{"line":47,"column":9}},"9":{"start":{"line":45,"column":12},"end":{"line":45,"column":42}},"10":{"start":{"line":46,"column":12},"end":{"line":46,"column":19}},"11":{"start":{"line":50,"column":22},"end":{"line":50,"column":98}},"12":{"start":{"line":51,"column":8},"end":{"line":51,"column":53}},"13":{"start":{"line":52,"column":8},"end":{"line":52,"column":47}},"14":{"start":{"line":54,"column":8},"end":{"line":61,"column":15}},"15":{"start":{"line":56,"column":31},"end":{"line":56,"column":44}},"16":{"start":{"line":57,"column":16},"end":{"line":57,"column":42}},"17":{"start":{"line":60,"column":16},"end":{"line":60,"column":35}},"18":{"start":{"line":65,"column":8},"end":{"line":71,"column":9}},"19":{"start":{"line":66,"column":12},"end":{"line":70,"column":14}},"20":{"start":{"line":73,"column":23},"end":{"line":75,"column":10}},"21":{"start":{"line":74,"column":12},"end":{"line":74,"column":42}},"22":{"start":{"line":78,"column":8},"end":{"line":88,"column":9}},"23":{"start":{"line":79,"column":12},"end":{"line":79,"column":30}},"24":{"start":{"line":80,"column":12},"end":{"line":87,"column":14}},"25":{"start":{"line":90,"column":8},"end":{"line":121,"column":10}},"26":{"start":{"line":104,"column":74},"end":{"line":104,"column":104}},"27":{"start":{"line":104,"column":105},"end":{"line":104,"column":121}}},"fnMap":{"0":{"name":"(anonymous_0)","decl":{"start":{"line":11,"column":4},"end":{"line":11,"column":5}},"loc":{"start":{"line":11,"column":23},"end":{"line":21,"column":5}},"line":11},"1":{"name":"(anonymous_1)","decl":{"start":{"line":28,"column":4},"end":{"line":28,"column":5}},"loc":{"start":{"line":28,"column":30},"end":{"line":40,"column":5}},"line":28},"2":{"name":"(anonymous_2)","decl":{"start":{"line":42,"column":4},"end":{"line":42,"column":5}},"loc":{"start":{"line":42,"column":15},"end":{"line":62,"column":5}},"line":42},"3":{"name":"(anonymous_3)","decl":{"start":{"line":55,"column":18},"end":{"line":55,"column":19}},"loc":{"start":{"line":55,"column":37},"end":{"line":58,"column":13}},"line":55},"4":{"name":"(anonymous_4)","decl":{"start":{"line":59,"column":19},"end":{"line":59,"column":20}},"loc":{"start":{"line":59,"column":35},"end":{"line":61,"column":13}},"line":59},"5":{"name":"(anonymous_5)","decl":{"start":{"line":64,"column":4},"end":{"line":64,"column":5}},"loc":{"start":{"line":64,"column":13},"end":{"line":122,"column":5}},"line":64},"6":{"name":"(anonymous_6)","decl":{"start":{"line":73,"column":45},"end":{"line":73,"column":46}},"loc":{"start":{"line":74,"column":12},"end":{"line":74,"column":42}},"line":74},"7":{"name":"(anonymous_7)","decl":{"start":{"line":104,"column":57},"end":{"line":104,"column":58}},"loc":{"start":{"line":104,"column":72},"end":{"line":104,"column":123}},"line":104}},"branchMap":{"0":{"loc":{"start":{"line":44,"column":8},"end":{"line":47,"column":9}},"type":"if","locations":[{"start":{"line":44,"column":8},"end":{"line":47,"column":9}},{"start":{"line":44,"column":8},"end":{"line":47,"column":9}}],"line":44},"1":{"loc":{"start":{"line":44,"column":12},"end":{"line":44,"column":72}},"type":"binary-expr","locations":[{"start":{"line":44,"column":12},"end":{"line":44,"column":39}},{"start":{"line":44,"column":43},"end":{"line":44,"column":72}}],"line":44},"2":{"loc":{"start":{"line":65,"column":8},"end":{"line":71,"column":9}},"type":"if","locations":[{"start":{"line":65,"column":8},"end":{"line":71,"column":9}},{"start":{"line":65,"column":8},"end":{"line":71,"column":9}}],"line":65},"3":{"loc":{"start":{"line":78,"column":8},"end":{"line":88,"column":9}},"type":"if","locations":[{"start":{"line":78,"column":8},"end":{"line":88,"column":9}},{"start":{"line":78,"column":8},"end":{"line":88,"column":9}}],"line":78},"4":{"loc":{"start":{"line":78,"column":12},"end":{"line":78,"column":105}},"type":"binary-expr","locations":[{"start":{"line":78,"column":12},"end":{"line":78,"column":41}},{"start":{"line":78,"column":45},"end":{"line":78,"column":72}},{"start":{"line":78,"column":76},"end":{"line":78,"column":105}}],"line":78}},"s":{"0":1,"1":1,"2":1,"3":1,"4":1,"5":1,"6":1,"7":1,"8":1,"9":1,"10":1,"11":0,"12":0,"13":0,"14":0,"15":0,"16":0,"17":0,"18":3,"19":2,"20":1,"21":0,"22":1,"23":1,"24":1,"25":1,"26":0,"27":0},"f":{"0":1,"1":1,"2":1,"3":0,"4":0,"5":3,"6":0,"7":0},"b":{"0":[1,0],"1":[1,0],"2":[2,1],"3":[1,0],"4":[1,0,0]},"_coverageSchema":"332fd63041d2c1bcb487cc26dd0d5f7d97098a6c","hash":"4b4bd5686d49d58c319b6738518ad0e3a6f4e2a9"}
}
